#! c:/iverilog-x86/bin/vvp
:ivl_version "10.0 (stable)" "(v10_0)";
:ivl_delay_selection "TYPICAL";
:vpi_time_precision + 0;
:vpi_module "system";
:vpi_module "vhdl_sys";
:vpi_module "v2005_math";
:vpi_module "va_math";
S_01f688a8 .scope module, "top" "top" 2 1;
 .timescale 0 0;
v01fb3838_0 .net "Rs", 31 0, L_01fb9388;  1 drivers
v01fb3ba8_0 .net "Rt", 31 0, L_01fb9460;  1 drivers
v01fb3f70_0 .net "addr", 15 0, v01f61da8_0;  1 drivers
v01fb3af8_0 .var "addr3", 4 0;
v01fb3ec0_0 .var "address", 31 0;
v01fb3f18_0 .var "chksignal", 0 0;
v01fb3fc8_0 .net "clk", 0 0, v01f62278_0;  1 drivers
v01fb4020_0 .var "data3", 31 0;
v01fb0450_0 .net "extendaddr", 31 0, L_01fec200;  1 drivers
v01fb08c8_0 .net "funct", 5 0, v01f61e58_0;  1 drivers
v01fb01e8_0 .var "in", 31 0;
v01fb09d0_0 .var "in1", 31 0;
v01fb03f8_0 .var "in2", 31 0;
v01fb0768_0 .net "inst", 31 0, v01f61828_0;  1 drivers
v01fb0920_0 .net "newpc", 31 0, L_01fec258;  1 drivers
v01fb0ad8_0 .net "opcode", 5 0, L_01fb0240;  1 drivers
v01fb0978_0 .net "out", 31 0, L_01fb9190;  1 drivers
v01fb02f0_0 .net "pc", 31 0, v01fb3e68_0;  1 drivers
v01fb0a28_0 .net "rd", 4 0, v01f621c8_0;  1 drivers
v01fb0348_0 .net "result", 31 0, v01fb3c58_0;  1 drivers
v01fb06b8_0 .net "rs", 4 0, v01f43600_0;  1 drivers
v01fb0710_0 .net "rt", 4 0, v01f8e648_0;  1 drivers
v01fb0660_0 .net "rw", 0 0, v01fb3d60_0;  1 drivers
E_01f67a88/0 .event edge, v01f61988_0, v01f61e58_0, v01f61a38_0, v01f623d8_0;
E_01f67a88/1 .event edge, v01f621c8_0, v01fb3c58_0, v01fb3d08_0, v01f61f60_0;
E_01f67a88/2 .event edge, v01f61e00_0, v01f61880_0;
E_01f67a88 .event/or E_01f67a88/0, E_01f67a88/1, E_01f67a88/2;
S_01ef6a78 .scope module, "CLK" "clkGen" 2 14, 3 1 0, S_01f688a8;
 .timescale 0 0;
    .port_info 0 /OUTPUT 1 "out"
v01f626f0_0 .var *"_s0", 0 0; Local signal
v01f62278_0 .var "out", 0 0;
S_01ef6b48 .scope module, "DM" "dataMem" 2 24, 4 1 0, S_01f688a8;
 .timescale 0 0;
    .port_info 0 /INPUT 6 "opcode"
    .port_info 1 /INPUT 32 "Rt"
    .port_info 2 /INPUT 32 "addr"
    .port_info 3 /INPUT 1 "clk"
    .port_info 4 /OUTPUT 32 "out"
L_01fb9190 .functor BUFZ 32, L_01fecbf8, C4<00000000000000000000000000000000>, C4<00000000000000000000000000000000>, C4<00000000000000000000000000000000>;
v01f623d8_0 .net "Rt", 31 0, L_01fb9460;  alias, 1 drivers
v01f62488_0 .net *"_s0", 31 0, L_01fecbf8;  1 drivers
v01f624e0_0 .net "addr", 31 0, v01fb3ec0_0;  1 drivers
v01f61fb8_0 .net "clk", 0 0, v01f62278_0;  alias, 1 drivers
v01f61b98 .array "memdata", 0 255, 31 0;
v01f61988_0 .net "opcode", 5 0, L_01fb0240;  alias, 1 drivers
v01f61880_0 .net "out", 31 0, L_01fb9190;  alias, 1 drivers
E_01f67ad8 .event negedge, v01f62278_0;
L_01fecbf8 .array/port v01f61b98, v01fb3ec0_0;
S_01ec93e0 .scope module, "IM" "instMem" 2 16, 5 1 0, S_01f688a8;
 .timescale 0 0;
    .port_info 0 /OUTPUT 32 "inst"
    .port_info 1 /INPUT 32 "pc"
    .port_info 2 /INPUT 1 "clk"
v01f61bf0_0 .net "clk", 0 0, v01f62278_0;  alias, 1 drivers
v01f61828_0 .var "inst", 31 0;
v01f61d50 .array "memdata", 0 127, 31 0;
v01f61cf8_0 .net "pc", 31 0, v01fb3e68_0;  alias, 1 drivers
E_01f67ab0 .event posedge, v01f62278_0;
S_01ec94b0 .scope module, "RF" "RegisterFile" 2 22, 6 1 0, S_01f688a8;
 .timescale 0 0;
    .port_info 0 /INPUT 1 "rw"
    .port_info 1 /INPUT 5 "addr1"
    .port_info 2 /INPUT 5 "addr2"
    .port_info 3 /OUTPUT 32 "out1"
    .port_info 4 /OUTPUT 32 "out2"
    .port_info 5 /INPUT 5 "addr3"
    .port_info 6 /INPUT 32 "data3"
    .port_info 7 /INPUT 1 "clk"
L_01fb9388 .functor BUFZ 32, L_01fec4c0, C4<00000000000000000000000000000000>, C4<00000000000000000000000000000000>, C4<00000000000000000000000000000000>;
L_01fb9460 .functor BUFZ 32, L_01fecba0, C4<00000000000000000000000000000000>, C4<00000000000000000000000000000000>, C4<00000000000000000000000000000000>;
v01f61ae8_0 .net *"_s0", 31 0, L_01fec4c0;  1 drivers
v01f62220_0 .net *"_s10", 6 0, L_01fec990;  1 drivers
L_01fbc460 .functor BUFT 1, C4<00>, C4<0>, C4<0>, C4<0>;
v01f620c0_0 .net *"_s13", 1 0, L_01fbc460;  1 drivers
v01f618d8_0 .net *"_s2", 6 0, L_01fec6d0;  1 drivers
L_01fbc438 .functor BUFT 1, C4<00>, C4<0>, C4<0>, C4<0>;
v01f62010_0 .net *"_s5", 1 0, L_01fbc438;  1 drivers
v01f61eb0_0 .net *"_s8", 31 0, L_01fecba0;  1 drivers
v01f61930_0 .net "addr1", 4 0, v01f43600_0;  alias, 1 drivers
v01f61e00_0 .net "addr2", 4 0, v01f8e648_0;  alias, 1 drivers
v01f619e0_0 .net "addr3", 4 0, v01fb3af8_0;  1 drivers
v01f61778_0 .net "clk", 0 0, v01f62278_0;  alias, 1 drivers
v01f61a90_0 .net "data3", 31 0, v01fb4020_0;  1 drivers
v01f61a38_0 .net "out1", 31 0, L_01fb9388;  alias, 1 drivers
v01f61b40_0 .net "out2", 31 0, L_01fb9460;  alias, 1 drivers
v01f61c48 .array "regmem", 0 31, 31 0;
v01f61ca0_0 .net "rw", 0 0, v01fb3d60_0;  alias, 1 drivers
L_01fec4c0 .array/port v01f61c48, L_01fec6d0;
L_01fec6d0 .concat [ 5 2 0 0], v01f43600_0, L_01fbc438;
L_01fecba0 .array/port v01f61c48, L_01fec990;
L_01fec990 .concat [ 5 2 0 0], v01f8e648_0, L_01fbc460;
S_00354b30 .scope module, "SE" "signExtend" 2 26, 7 1 0, S_01f688a8;
 .timescale 0 0;
    .port_info 0 /INPUT 16 "in"
    .port_info 1 /OUTPUT 32 "out"
L_01fb9100 .functor BUFZ 16, v01f61da8_0, C4<0000000000000000>, C4<0000000000000000>, C4<0000000000000000>;
L_01fbc488 .functor BUFT 1, C4<0000000000000000>, C4<0>, C4<0>, C4<0>;
v01f61f08_0 .net/2u *"_s2", 15 0, L_01fbc488;  1 drivers
v01f617d0_0 .net *"_s8", 15 0, L_01fb9100;  1 drivers
v01f62170_0 .net "in", 15 0, v01f61da8_0;  alias, 1 drivers
v01f61f60_0 .net "out", 31 0, L_01fec200;  alias, 1 drivers
L_01fec200 .concat8 [ 16 16 0 0], L_01fb9100, L_01fbc488;
S_00354c00 .scope module, "SP" "Splitter" 2 17, 8 1 0, S_01f688a8;
 .timescale 0 0;
    .port_info 0 /INPUT 32 "inst"
    .port_info 1 /OUTPUT 6 "opcode"
    .port_info 2 /OUTPUT 5 "rs"
    .port_info 3 /OUTPUT 5 "rt"
    .port_info 4 /OUTPUT 5 "rd"
    .port_info 5 /OUTPUT 6 "funct"
    .port_info 6 /OUTPUT 16 "addr"
v01f61da8_0 .var "addr", 15 0;
v01f61e58_0 .var "funct", 5 0;
v01f62118_0 .net "inst", 31 0, v01f61828_0;  alias, 1 drivers
v01f62068_0 .net "opcode", 5 0, L_01fb0240;  alias, 1 drivers
v01f621c8_0 .var "rd", 4 0;
v01f43600_0 .var "rs", 4 0;
v01f8e648_0 .var "rt", 4 0;
E_01f67b00 .event edge, v01f61828_0;
L_01fb0240 .part v01f61828_0, 26, 6;
S_01ef5180 .scope module, "al" "ALU" 2 20, 9 1 0, S_01f688a8;
 .timescale 0 0;
    .port_info 0 /INPUT 6 "opcode"
    .port_info 1 /INPUT 6 "funct"
    .port_info 2 /INPUT 32 "in1"
    .port_info 3 /INPUT 32 "in2"
    .port_info 4 /OUTPUT 32 "result"
    .port_info 5 /OUTPUT 1 "rw"
    .port_info 6 /INPUT 1 "clk"
o01f6ef3c .functor BUFZ 1, C4<z>; HiZ drive
v01fafaf0_0 .net "carry", 0 0, o01f6ef3c;  0 drivers
v01faf938_0 .net "carryout", 0 0, L_01fb9808;  1 drivers
v01fafb48_0 .net "clk", 0 0, v01f62278_0;  alias, 1 drivers
o01f6ef6c .functor BUFZ 32, C4<zzzzzzzzzzzzzzzzzzzzzzzzzzzzzzzz>; HiZ drive
v01faf9e8_0 .net "diff", 31 0, o01f6ef6c;  0 drivers
v01fafdb0_0 .net "funct", 5 0, v01f61e58_0;  alias, 1 drivers
v01faffc0_0 .net "in1", 31 0, v01fb09d0_0;  1 drivers
v01fb3890_0 .net "in2", 31 0, v01fb03f8_0;  1 drivers
v01fb3c00_0 .net "opcode", 5 0, L_01fb0240;  alias, 1 drivers
v01fb3998_0 .net "product", 31 0, L_01feb180;  1 drivers
v01fb3c58_0 .var "result", 31 0;
v01fb3d60_0 .var "rw", 0 0;
v01fb3b50_0 .net "sum", 31 0, L_01fb19f8;  1 drivers
v01fb38e8_0 .net "sum_or", 31 0, L_01feca40;  1 drivers
E_01f676a0/0 .event edge, v01f61988_0, v01f61e58_0, v01fa8c10_0, v01fab980_0;
E_01f676a0/1 .event edge, v01fafca8_0, v01faddb8_0;
E_01f676a0 .event/or E_01f676a0/0, E_01f676a0/1;
S_01ef5250 .scope module, "ADD" "thirtytwobitadder" 9 12, 10 14 0, S_01ef5180;
 .timescale 0 0;
    .port_info 0 /INPUT 32 "a"
    .port_info 1 /INPUT 32 "b"
    .port_info 2 /OUTPUT 1 "carryout"
    .port_info 3 /OUTPUT 32 "s"
    .port_info 4 /INPUT 1 "carryin"
v01fa8218_0 .net "a", 31 0, v01fb09d0_0;  alias, 1 drivers
v01fa8798_0 .net "b", 31 0, v01fb03f8_0;  alias, 1 drivers
v01fa8428_0 .net "c1", 0 0, L_01fa5c30;  1 drivers
v01fa81c0_0 .net "c10", 0 0, L_01fb4b90;  1 drivers
v01fa8480_0 .net "c11", 0 0, L_01fb4c20;  1 drivers
v01fa90e0_0 .net "c12", 0 0, L_01fb4c68;  1 drivers
v01fa95b0_0 .net "c13", 0 0, L_01fb4fc8;  1 drivers
v01fa92f0_0 .net "c14", 0 0, L_01fb5130;  1 drivers
v01fa8d70_0 .net "c15", 0 0, L_01fb5400;  1 drivers
v01fa8dc8_0 .net "c16", 0 0, L_01fb5568;  1 drivers
v01fa93a0_0 .net "c17", 0 0, L_01fb55f8;  1 drivers
v01fa8f80_0 .net "c18", 0 0, L_01fb57a8;  1 drivers
v01fa8e20_0 .net "c19", 0 0, L_01fb5838;  1 drivers
v01fa8e78_0 .net "c2", 0 0, L_01fa5210;  1 drivers
v01fa8f28_0 .net "c20", 0 0, L_01fb5328;  1 drivers
v01fa9190_0 .net "c21", 0 0, L_01fb59e8;  1 drivers
v01fa9608_0 .net "c22", 0 0, L_01fb5be0;  1 drivers
v01fa9030_0 .net "c23", 0 0, L_01fb5c70;  1 drivers
v01fa9240_0 .net "c24", 0 0, L_01fb5fd0;  1 drivers
v01fa8cc0_0 .net "c25", 0 0, L_01fb48c0;  1 drivers
v01fa9348_0 .net "c26", 0 0, L_01fb4128;  1 drivers
v01fa9088_0 .net "c27", 0 0, L_01fb4170;  1 drivers
v01fa9450_0 .net "c28", 0 0, L_01fb4830;  1 drivers
v01fa8c68_0 .net "c29", 0 0, L_01fb47e8;  1 drivers
v01fa93f8_0 .net "c3", 0 0, L_01fa5840;  1 drivers
v01fa8fd8_0 .net "c30", 0 0, L_01fb47a0;  1 drivers
v01fa8ed0_0 .net "c31", 0 0, L_01fb9ec8;  1 drivers
v01fa9138_0 .net "c4", 0 0, L_01fa5258;  1 drivers
v01fa91e8_0 .net "c5", 0 0, L_01fa5888;  1 drivers
v01fa9298_0 .net "c6", 0 0, L_01fa5408;  1 drivers
v01fa94a8_0 .net "c7", 0 0, L_01fa5378;  1 drivers
v01fa9500_0 .net "c8", 0 0, L_01fa5600;  1 drivers
v01fa8bb8_0 .net "c9", 0 0, L_01fb49e0;  1 drivers
L_01fbbee8 .functor BUFT 1, C4<0>, C4<0>, C4<0>, C4<0>;
v01fa9558_0 .net "carryin", 0 0, L_01fbbee8;  1 drivers
v01fa9660_0 .net "carryout", 0 0, L_01fb9808;  alias, 1 drivers
v01fa8c10_0 .net "s", 31 0, L_01fb19f8;  alias, 1 drivers
L_01fb0298 .part v01fb09d0_0, 0, 1;
L_01fb0818 .part v01fb03f8_0, 0, 1;
L_01fb00e0 .part v01fb09d0_0, 1, 1;
L_01fb0870 .part v01fb03f8_0, 1, 1;
L_01fb03a0 .part v01fb09d0_0, 2, 1;
L_01fb07c0 .part v01fb03f8_0, 2, 1;
L_01fb0138 .part v01fb09d0_0, 3, 1;
L_01fb0a80 .part v01fb03f8_0, 3, 1;
L_01fb0b30 .part v01fb09d0_0, 4, 1;
L_01fb04a8 .part v01fb03f8_0, 4, 1;
L_01fb0500 .part v01fb09d0_0, 5, 1;
L_01fb0b88 .part v01fb03f8_0, 5, 1;
L_01fb0558 .part v01fb09d0_0, 6, 1;
L_01fb05b0 .part v01fb03f8_0, 6, 1;
L_01fb0608 .part v01fb09d0_0, 7, 1;
L_01fb0190 .part v01fb03f8_0, 7, 1;
L_01fb0d98 .part v01fb09d0_0, 8, 1;
L_01fb11b8 .part v01fb03f8_0, 8, 1;
L_01fb0be0 .part v01fb09d0_0, 9, 1;
L_01fb0ef8 .part v01fb03f8_0, 9, 1;
L_01fb1688 .part v01fb09d0_0, 10, 1;
L_01fb0c38 .part v01fb03f8_0, 10, 1;
L_01fb0f50 .part v01fb09d0_0, 11, 1;
L_01fb0c90 .part v01fb03f8_0, 11, 1;
L_01fb0ce8 .part v01fb09d0_0, 12, 1;
L_01fb0d40 .part v01fb03f8_0, 12, 1;
L_01fb0fa8 .part v01fb09d0_0, 13, 1;
L_01fb1420 .part v01fb03f8_0, 13, 1;
L_01fb12c0 .part v01fb09d0_0, 14, 1;
L_01fb1058 .part v01fb03f8_0, 14, 1;
L_01fb1580 .part v01fb09d0_0, 15, 1;
L_01fb15d8 .part v01fb03f8_0, 15, 1;
L_01fb0df0 .part v01fb09d0_0, 16, 1;
L_01fb0e48 .part v01fb03f8_0, 16, 1;
L_01fb0ea0 .part v01fb09d0_0, 17, 1;
L_01fb1210 .part v01fb03f8_0, 17, 1;
L_01fb14d0 .part v01fb09d0_0, 18, 1;
L_01fb1000 .part v01fb03f8_0, 18, 1;
L_01fb1478 .part v01fb09d0_0, 19, 1;
L_01fb10b0 .part v01fb03f8_0, 19, 1;
L_01fb13c8 .part v01fb09d0_0, 20, 1;
L_01fb1528 .part v01fb03f8_0, 20, 1;
L_01fb1630 .part v01fb09d0_0, 21, 1;
L_01fb1318 .part v01fb03f8_0, 21, 1;
L_01fb1268 .part v01fb09d0_0, 22, 1;
L_01fb1108 .part v01fb03f8_0, 22, 1;
L_01fb1370 .part v01fb09d0_0, 23, 1;
L_01fb1160 .part v01fb03f8_0, 23, 1;
L_01fb1f20 .part v01fb09d0_0, 24, 1;
L_01fb17e8 .part v01fb03f8_0, 24, 1;
L_01fb20d8 .part v01fb09d0_0, 25, 1;
L_01fb2028 .part v01fb03f8_0, 25, 1;
L_01fb1f78 .part v01fb09d0_0, 26, 1;
L_01fb1a50 .part v01fb03f8_0, 26, 1;
L_01fb1c08 .part v01fb09d0_0, 27, 1;
L_01fb16e0 .part v01fb03f8_0, 27, 1;
L_01fb2130 .part v01fb09d0_0, 28, 1;
L_01fb1840 .part v01fb03f8_0, 28, 1;
L_01fb18f0 .part v01fb09d0_0, 29, 1;
L_01fb19a0 .part v01fb03f8_0, 29, 1;
L_01fb2188 .part v01fb09d0_0, 30, 1;
L_01fb1948 .part v01fb03f8_0, 30, 1;
L_01fb1738 .part v01fb09d0_0, 31, 1;
L_01fb1898 .part v01fb03f8_0, 31, 1;
LS_01fb19f8_0_0 .concat8 [ 1 1 1 1], L_01fa5e28, L_01fa59f0, L_01fa58d0, L_01fa5960;
LS_01fb19f8_0_4 .concat8 [ 1 1 1 1], L_01fa5690, L_01fa54e0, L_01fa5330, L_01fa5648;
LS_01fb19f8_0_8 .concat8 [ 1 1 1 1], L_01fb5058, L_01fb4b00, L_01fb4a28, L_01fb50e8;
LS_01fb19f8_0_12 .concat8 [ 1 1 1 1], L_01fb4cb0, L_01fb5010, L_01fb4ea8, L_01fb5b50;
LS_01fb19f8_0_16 .concat8 [ 1 1 1 1], L_01fb5b98, L_01fb5958, L_01fb5520, L_01fb5640;
LS_01fb19f8_0_20 .concat8 [ 1 1 1 1], L_01fb5718, L_01fb5d00, L_01fb5d48, L_01fb5dd8;
LS_01fb19f8_0_24 .concat8 [ 1 1 1 1], L_01fb5f88, L_01fb4638, L_01fb4758, L_01fb4680;
LS_01fb19f8_0_28 .concat8 [ 1 1 1 1], L_01fb40e0, L_01fb45f0, L_01fb44d0, L_01fb9f10;
LS_01fb19f8_1_0 .concat8 [ 4 4 4 4], LS_01fb19f8_0_0, LS_01fb19f8_0_4, LS_01fb19f8_0_8, LS_01fb19f8_0_12;
LS_01fb19f8_1_4 .concat8 [ 4 4 4 4], LS_01fb19f8_0_16, LS_01fb19f8_0_20, LS_01fb19f8_0_24, LS_01fb19f8_0_28;
L_01fb19f8 .concat8 [ 16 16 0 0], LS_01fb19f8_1_0, LS_01fb19f8_1_4;
S_003539b8 .scope module, "adder0" "onebitadder" 10 21, 10 1 0, S_01ef5250;
 .timescale 0 0;
    .port_info 0 /INPUT 1 "x"
    .port_info 1 /INPUT 1 "y"
    .port_info 2 /OUTPUT 1 "sum"
    .port_info 3 /OUTPUT 1 "carryout"
    .port_info 4 /INPUT 1 "carryin"
L_01fa5f48 .functor XOR 1, L_01fb0298, L_01fb0818, C4<0>, C4<0>;
L_01fa5e28 .functor XOR 1, L_01fa5f48, L_01fbbee8, C4<0>, C4<0>;
L_01fa5be8 .functor AND 1, L_01fa5f48, L_01fbbee8, C4<1>, C4<1>;
L_01fa5d50 .functor AND 1, L_01fb0298, L_01fb0818, C4<1>, C4<1>;
L_01fa5c30 .functor OR 1, L_01fa5be8, L_01fa5d50, C4<0>, C4<0>;
v01f8e438_0 .net "carryin", 0 0, L_01fbbee8;  alias, 1 drivers
v01f8df68_0 .net "carryout", 0 0, L_01fa5c30;  alias, 1 drivers
v01f8dd00_0 .net "p", 0 0, L_01fa5f48;  1 drivers
v01f8e4e8_0 .net "q", 0 0, L_01fa5be8;  1 drivers
v01f8e330_0 .net "r", 0 0, L_01fa5d50;  1 drivers
v01f8dca8_0 .net "sum", 0 0, L_01fa5e28;  1 drivers
v01f8dfc0_0 .net "x", 0 0, L_01fb0298;  1 drivers
v01f8e750_0 .net "y", 0 0, L_01fb0818;  1 drivers
S_00353a88 .scope module, "adder1" "onebitadder" 10 22, 10 1 0, S_01ef5250;
 .timescale 0 0;
    .port_info 0 /INPUT 1 "x"
    .port_info 1 /INPUT 1 "y"
    .port_info 2 /OUTPUT 1 "sum"
    .port_info 3 /OUTPUT 1 "carryout"
    .port_info 4 /INPUT 1 "carryin"
L_01fa5d08 .functor XOR 1, L_01fb00e0, L_01fb0870, C4<0>, C4<0>;
L_01fa59f0 .functor XOR 1, L_01fa5d08, L_01fa5c30, C4<0>, C4<0>;
L_01fa5de0 .functor AND 1, L_01fa5d08, L_01fa5c30, C4<1>, C4<1>;
L_01fa5cc0 .functor AND 1, L_01fb00e0, L_01fb0870, C4<1>, C4<1>;
L_01fa5210 .functor OR 1, L_01fa5de0, L_01fa5cc0, C4<0>, C4<0>;
v01f8e388_0 .net "carryin", 0 0, L_01fa5c30;  alias, 1 drivers
v01f8de08_0 .net "carryout", 0 0, L_01fa5210;  alias, 1 drivers
v01f8de60_0 .net "p", 0 0, L_01fa5d08;  1 drivers
v01f8e6a0_0 .net "q", 0 0, L_01fa5de0;  1 drivers
v01f8e120_0 .net "r", 0 0, L_01fa5cc0;  1 drivers
v01f8e2d8_0 .net "sum", 0 0, L_01fa59f0;  1 drivers
v01f8e018_0 .net "x", 0 0, L_01fb00e0;  1 drivers
v01f8df10_0 .net "y", 0 0, L_01fb0870;  1 drivers
S_01ee8fb0 .scope module, "adder10" "onebitadder" 10 31, 10 1 0, S_01ef5250;
 .timescale 0 0;
    .port_info 0 /INPUT 1 "x"
    .port_info 1 /INPUT 1 "y"
    .port_info 2 /OUTPUT 1 "sum"
    .port_info 3 /OUTPUT 1 "carryout"
    .port_info 4 /INPUT 1 "carryin"
L_01fb4f38 .functor XOR 1, L_01fb1688, L_01fb0c38, C4<0>, C4<0>;
L_01fb4a28 .functor XOR 1, L_01fb4f38, L_01fb4b90, C4<0>, C4<0>;
L_01fb4a70 .functor AND 1, L_01fb4f38, L_01fb4b90, C4<1>, C4<1>;
L_01fb4d40 .functor AND 1, L_01fb1688, L_01fb0c38, C4<1>, C4<1>;
L_01fb4c20 .functor OR 1, L_01fb4a70, L_01fb4d40, C4<0>, C4<0>;
v01f8e5f0_0 .net "carryin", 0 0, L_01fb4b90;  alias, 1 drivers
v01f8e6f8_0 .net "carryout", 0 0, L_01fb4c20;  alias, 1 drivers
v01f8dd58_0 .net "p", 0 0, L_01fb4f38;  1 drivers
v01f8ddb0_0 .net "q", 0 0, L_01fb4a70;  1 drivers
v01f8e070_0 .net "r", 0 0, L_01fb4d40;  1 drivers
v01f8deb8_0 .net "sum", 0 0, L_01fb4a28;  1 drivers
v01f8e0c8_0 .net "x", 0 0, L_01fb1688;  1 drivers
v01f8e3e0_0 .net "y", 0 0, L_01fb0c38;  1 drivers
S_01ee9080 .scope module, "adder11" "onebitadder" 10 32, 10 1 0, S_01ef5250;
 .timescale 0 0;
    .port_info 0 /INPUT 1 "x"
    .port_info 1 /INPUT 1 "y"
    .port_info 2 /OUTPUT 1 "sum"
    .port_info 3 /OUTPUT 1 "carryout"
    .port_info 4 /INPUT 1 "carryin"
L_01fb5208 .functor XOR 1, L_01fb0f50, L_01fb0c90, C4<0>, C4<0>;
L_01fb50e8 .functor XOR 1, L_01fb5208, L_01fb4c20, C4<0>, C4<0>;
L_01fb5250 .functor AND 1, L_01fb5208, L_01fb4c20, C4<1>, C4<1>;
L_01fb5178 .functor AND 1, L_01fb0f50, L_01fb0c90, C4<1>, C4<1>;
L_01fb4c68 .functor OR 1, L_01fb5250, L_01fb5178, C4<0>, C4<0>;
v01f8e178_0 .net "carryin", 0 0, L_01fb4c20;  alias, 1 drivers
v01f8e1d0_0 .net "carryout", 0 0, L_01fb4c68;  alias, 1 drivers
v01f8e490_0 .net "p", 0 0, L_01fb5208;  1 drivers
v01f8e228_0 .net "q", 0 0, L_01fb5250;  1 drivers
v01f8e540_0 .net "r", 0 0, L_01fb5178;  1 drivers
v01f8e598_0 .net "sum", 0 0, L_01fb50e8;  1 drivers
v01f8e280_0 .net "x", 0 0, L_01fb0f50;  1 drivers
v01f8e858_0 .net "y", 0 0, L_01fb0c90;  1 drivers
S_01ed5820 .scope module, "adder12" "onebitadder" 10 33, 10 1 0, S_01ef5250;
 .timescale 0 0;
    .port_info 0 /INPUT 1 "x"
    .port_info 1 /INPUT 1 "y"
    .port_info 2 /OUTPUT 1 "sum"
    .port_info 3 /OUTPUT 1 "carryout"
    .port_info 4 /INPUT 1 "carryin"
L_01fb4e18 .functor XOR 1, L_01fb0ce8, L_01fb0d40, C4<0>, C4<0>;
L_01fb4cb0 .functor XOR 1, L_01fb4e18, L_01fb4c68, C4<0>, C4<0>;
L_01fb4e60 .functor AND 1, L_01fb4e18, L_01fb4c68, C4<1>, C4<1>;
L_01fb4d88 .functor AND 1, L_01fb0ce8, L_01fb0d40, C4<1>, C4<1>;
L_01fb4fc8 .functor OR 1, L_01fb4e60, L_01fb4d88, C4<0>, C4<0>;
v01f8eb70_0 .net "carryin", 0 0, L_01fb4c68;  alias, 1 drivers
v01f8e8b0_0 .net "carryout", 0 0, L_01fb4fc8;  alias, 1 drivers
v01f8ea68_0 .net "p", 0 0, L_01fb4e18;  1 drivers
v01f8ec20_0 .net "q", 0 0, L_01fb4e60;  1 drivers
v01f8eb18_0 .net "r", 0 0, L_01fb4d88;  1 drivers
v01f8e908_0 .net "sum", 0 0, L_01fb4cb0;  1 drivers
v01f8ea10_0 .net "x", 0 0, L_01fb0ce8;  1 drivers
v01f8e7a8_0 .net "y", 0 0, L_01fb0d40;  1 drivers
S_01ed58f0 .scope module, "adder13" "onebitadder" 10 34, 10 1 0, S_01ef5250;
 .timescale 0 0;
    .port_info 0 /INPUT 1 "x"
    .port_info 1 /INPUT 1 "y"
    .port_info 2 /OUTPUT 1 "sum"
    .port_info 3 /OUTPUT 1 "carryout"
    .port_info 4 /INPUT 1 "carryin"
L_01fb4cf8 .functor XOR 1, L_01fb0fa8, L_01fb1420, C4<0>, C4<0>;
L_01fb5010 .functor XOR 1, L_01fb4cf8, L_01fb4fc8, C4<0>, C4<0>;
L_01fb5298 .functor AND 1, L_01fb4cf8, L_01fb4fc8, C4<1>, C4<1>;
L_01fb51c0 .functor AND 1, L_01fb0fa8, L_01fb1420, C4<1>, C4<1>;
L_01fb5130 .functor OR 1, L_01fb5298, L_01fb51c0, C4<0>, C4<0>;
v01f8ebc8_0 .net "carryin", 0 0, L_01fb4fc8;  alias, 1 drivers
v01f8e960_0 .net "carryout", 0 0, L_01fb5130;  alias, 1 drivers
v01f8e800_0 .net "p", 0 0, L_01fb4cf8;  1 drivers
v01f8e9b8_0 .net "q", 0 0, L_01fb5298;  1 drivers
v01f8eac0_0 .net "r", 0 0, L_01fb51c0;  1 drivers
v01fa02f8_0 .net "sum", 0 0, L_01fb5010;  1 drivers
v01fa0350_0 .net "x", 0 0, L_01fb0fa8;  1 drivers
v01fa05b8_0 .net "y", 0 0, L_01fb1420;  1 drivers
S_01ed5400 .scope module, "adder14" "onebitadder" 10 35, 10 1 0, S_01ef5250;
 .timescale 0 0;
    .port_info 0 /INPUT 1 "x"
    .port_info 1 /INPUT 1 "y"
    .port_info 2 /OUTPUT 1 "sum"
    .port_info 3 /OUTPUT 1 "carryout"
    .port_info 4 /INPUT 1 "carryin"
L_01fb4dd0 .functor XOR 1, L_01fb12c0, L_01fb1058, C4<0>, C4<0>;
L_01fb4ea8 .functor XOR 1, L_01fb4dd0, L_01fb5130, C4<0>, C4<0>;
L_01fb4ef0 .functor AND 1, L_01fb4dd0, L_01fb5130, C4<1>, C4<1>;
L_01fb5490 .functor AND 1, L_01fb12c0, L_01fb1058, C4<1>, C4<1>;
L_01fb5400 .functor OR 1, L_01fb4ef0, L_01fb5490, C4<0>, C4<0>;
v01fa01f0_0 .net "carryin", 0 0, L_01fb5130;  alias, 1 drivers
v01fa0248_0 .net "carryout", 0 0, L_01fb5400;  alias, 1 drivers
v01fa00e8_0 .net "p", 0 0, L_01fb4dd0;  1 drivers
v01fa0610_0 .net "q", 0 0, L_01fb4ef0;  1 drivers
v01fa0980_0 .net "r", 0 0, L_01fb5490;  1 drivers
v01fa0458_0 .net "sum", 0 0, L_01fb4ea8;  1 drivers
v01fa0820_0 .net "x", 0 0, L_01fb12c0;  1 drivers
v01fa0ae0_0 .net "y", 0 0, L_01fb1058;  1 drivers
S_01ed54d0 .scope module, "adder15" "onebitadder" 10 36, 10 1 0, S_01ef5250;
 .timescale 0 0;
    .port_info 0 /INPUT 1 "x"
    .port_info 1 /INPUT 1 "y"
    .port_info 2 /OUTPUT 1 "sum"
    .port_info 3 /OUTPUT 1 "carryout"
    .port_info 4 /INPUT 1 "carryin"
L_01fb53b8 .functor XOR 1, L_01fb1580, L_01fb15d8, C4<0>, C4<0>;
L_01fb5b50 .functor XOR 1, L_01fb53b8, L_01fb5400, C4<0>, C4<0>;
L_01fb58c8 .functor AND 1, L_01fb53b8, L_01fb5400, C4<1>, C4<1>;
L_01fb5a78 .functor AND 1, L_01fb1580, L_01fb15d8, C4<1>, C4<1>;
L_01fb5568 .functor OR 1, L_01fb58c8, L_01fb5a78, C4<0>, C4<0>;
v01fa0718_0 .net "carryin", 0 0, L_01fb5400;  alias, 1 drivers
v01fa0090_0 .net "carryout", 0 0, L_01fb5568;  alias, 1 drivers
v01fa0668_0 .net "p", 0 0, L_01fb53b8;  1 drivers
v01fa0770_0 .net "q", 0 0, L_01fb58c8;  1 drivers
v01fa03a8_0 .net "r", 0 0, L_01fb5a78;  1 drivers
v01fa0928_0 .net "sum", 0 0, L_01fb5b50;  1 drivers
v01fa08d0_0 .net "x", 0 0, L_01fb1580;  1 drivers
v01fa0508_0 .net "y", 0 0, L_01fb15d8;  1 drivers
S_01fa2090 .scope module, "adder16" "onebitadder" 10 37, 10 1 0, S_01ef5250;
 .timescale 0 0;
    .port_info 0 /INPUT 1 "x"
    .port_info 1 /INPUT 1 "y"
    .port_info 2 /OUTPUT 1 "sum"
    .port_info 3 /OUTPUT 1 "carryout"
    .port_info 4 /INPUT 1 "carryin"
L_01fb5880 .functor XOR 1, L_01fb0df0, L_01fb0e48, C4<0>, C4<0>;
L_01fb5b98 .functor XOR 1, L_01fb5880, L_01fb5568, C4<0>, C4<0>;
L_01fb5910 .functor AND 1, L_01fb5880, L_01fb5568, C4<1>, C4<1>;
L_01fb55b0 .functor AND 1, L_01fb0df0, L_01fb0e48, C4<1>, C4<1>;
L_01fb55f8 .functor OR 1, L_01fb5910, L_01fb55b0, C4<0>, C4<0>;
v01fa07c8_0 .net "carryin", 0 0, L_01fb5568;  alias, 1 drivers
v01fa0198_0 .net "carryout", 0 0, L_01fb55f8;  alias, 1 drivers
v01fa04b0_0 .net "p", 0 0, L_01fb5880;  1 drivers
v01fa09d8_0 .net "q", 0 0, L_01fb5910;  1 drivers
v01fa0140_0 .net "r", 0 0, L_01fb55b0;  1 drivers
v01fa0560_0 .net "sum", 0 0, L_01fb5b98;  1 drivers
v01fa0400_0 .net "x", 0 0, L_01fb0df0;  1 drivers
v01fa06c0_0 .net "y", 0 0, L_01fb0e48;  1 drivers
S_01fa2a50 .scope module, "adder17" "onebitadder" 10 38, 10 1 0, S_01ef5250;
 .timescale 0 0;
    .port_info 0 /INPUT 1 "x"
    .port_info 1 /INPUT 1 "y"
    .port_info 2 /OUTPUT 1 "sum"
    .port_info 3 /OUTPUT 1 "carryout"
    .port_info 4 /INPUT 1 "carryin"
L_01fb57f0 .functor XOR 1, L_01fb0ea0, L_01fb1210, C4<0>, C4<0>;
L_01fb5958 .functor XOR 1, L_01fb57f0, L_01fb55f8, C4<0>, C4<0>;
L_01fb5a30 .functor AND 1, L_01fb57f0, L_01fb55f8, C4<1>, C4<1>;
L_01fb52e0 .functor AND 1, L_01fb0ea0, L_01fb1210, C4<1>, C4<1>;
L_01fb57a8 .functor OR 1, L_01fb5a30, L_01fb52e0, C4<0>, C4<0>;
v01fa0878_0 .net "carryin", 0 0, L_01fb55f8;  alias, 1 drivers
v01fa0b38_0 .net "carryout", 0 0, L_01fb57a8;  alias, 1 drivers
v01fa0a30_0 .net "p", 0 0, L_01fb57f0;  1 drivers
v01fa0a88_0 .net "q", 0 0, L_01fb5a30;  1 drivers
v01fa02a0_0 .net "r", 0 0, L_01fb52e0;  1 drivers
v01fa15e0_0 .net "sum", 0 0, L_01fb5958;  1 drivers
v01fa0b90_0 .net "x", 0 0, L_01fb0ea0;  1 drivers
v01fa0cf0_0 .net "y", 0 0, L_01fb1210;  1 drivers
S_01fa27e0 .scope module, "adder18" "onebitadder" 10 39, 10 1 0, S_01ef5250;
 .timescale 0 0;
    .port_info 0 /INPUT 1 "x"
    .port_info 1 /INPUT 1 "y"
    .port_info 2 /OUTPUT 1 "sum"
    .port_info 3 /OUTPUT 1 "carryout"
    .port_info 4 /INPUT 1 "carryin"
L_01fb5448 .functor XOR 1, L_01fb14d0, L_01fb1000, C4<0>, C4<0>;
L_01fb5520 .functor XOR 1, L_01fb5448, L_01fb57a8, C4<0>, C4<0>;
L_01fb59a0 .functor AND 1, L_01fb5448, L_01fb57a8, C4<1>, C4<1>;
L_01fb54d8 .functor AND 1, L_01fb14d0, L_01fb1000, C4<1>, C4<1>;
L_01fb5838 .functor OR 1, L_01fb59a0, L_01fb54d8, C4<0>, C4<0>;
v01fa0df8_0 .net "carryin", 0 0, L_01fb57a8;  alias, 1 drivers
v01fa0e50_0 .net "carryout", 0 0, L_01fb5838;  alias, 1 drivers
v01fa0c40_0 .net "p", 0 0, L_01fb5448;  1 drivers
v01fa0c98_0 .net "q", 0 0, L_01fb59a0;  1 drivers
v01fa10b8_0 .net "r", 0 0, L_01fb54d8;  1 drivers
v01fa1008_0 .net "sum", 0 0, L_01fb5520;  1 drivers
v01fa0d48_0 .net "x", 0 0, L_01fb14d0;  1 drivers
v01fa1588_0 .net "y", 0 0, L_01fb1000;  1 drivers
S_01fa2570 .scope module, "adder19" "onebitadder" 10 40, 10 1 0, S_01ef5250;
 .timescale 0 0;
    .port_info 0 /INPUT 1 "x"
    .port_info 1 /INPUT 1 "y"
    .port_info 2 /OUTPUT 1 "sum"
    .port_info 3 /OUTPUT 1 "carryout"
    .port_info 4 /INPUT 1 "carryin"
L_01fb5ac0 .functor XOR 1, L_01fb1478, L_01fb10b0, C4<0>, C4<0>;
L_01fb5640 .functor XOR 1, L_01fb5ac0, L_01fb5838, C4<0>, C4<0>;
L_01fb5688 .functor AND 1, L_01fb5ac0, L_01fb5838, C4<1>, C4<1>;
L_01fb56d0 .functor AND 1, L_01fb1478, L_01fb10b0, C4<1>, C4<1>;
L_01fb5328 .functor OR 1, L_01fb5688, L_01fb56d0, C4<0>, C4<0>;
v01fa0f00_0 .net "carryin", 0 0, L_01fb5838;  alias, 1 drivers
v01fa1270_0 .net "carryout", 0 0, L_01fb5328;  alias, 1 drivers
v01fa13d0_0 .net "p", 0 0, L_01fb5ac0;  1 drivers
v01fa1638_0 .net "q", 0 0, L_01fb5688;  1 drivers
v01fa0da0_0 .net "r", 0 0, L_01fb56d0;  1 drivers
v01fa0ea8_0 .net "sum", 0 0, L_01fb5640;  1 drivers
v01fa1530_0 .net "x", 0 0, L_01fb1478;  1 drivers
v01fa1060_0 .net "y", 0 0, L_01fb10b0;  1 drivers
S_01fa2640 .scope module, "adder2" "onebitadder" 10 23, 10 1 0, S_01ef5250;
 .timescale 0 0;
    .port_info 0 /INPUT 1 "x"
    .port_info 1 /INPUT 1 "y"
    .port_info 2 /OUTPUT 1 "sum"
    .port_info 3 /OUTPUT 1 "carryout"
    .port_info 4 /INPUT 1 "carryin"
L_01fa51c8 .functor XOR 1, L_01fb03a0, L_01fb07c0, C4<0>, C4<0>;
L_01fa58d0 .functor XOR 1, L_01fa51c8, L_01fa5210, C4<0>, C4<0>;
L_01fa5918 .functor AND 1, L_01fa51c8, L_01fa5210, C4<1>, C4<1>;
L_01fa56d8 .functor AND 1, L_01fb03a0, L_01fb07c0, C4<1>, C4<1>;
L_01fa5840 .functor OR 1, L_01fa5918, L_01fa56d8, C4<0>, C4<0>;
v01fa0fb0_0 .net "carryin", 0 0, L_01fa5210;  alias, 1 drivers
v01fa0f58_0 .net "carryout", 0 0, L_01fa5840;  alias, 1 drivers
v01fa14d8_0 .net "p", 0 0, L_01fa51c8;  1 drivers
v01fa1110_0 .net "q", 0 0, L_01fa5918;  1 drivers
v01fa1168_0 .net "r", 0 0, L_01fa56d8;  1 drivers
v01fa1480_0 .net "sum", 0 0, L_01fa58d0;  1 drivers
v01fa11c0_0 .net "x", 0 0, L_01fb03a0;  1 drivers
v01fa0be8_0 .net "y", 0 0, L_01fb07c0;  1 drivers
S_01fa2980 .scope module, "adder20" "onebitadder" 10 41, 10 1 0, S_01ef5250;
 .timescale 0 0;
    .port_info 0 /INPUT 1 "x"
    .port_info 1 /INPUT 1 "y"
    .port_info 2 /OUTPUT 1 "sum"
    .port_info 3 /OUTPUT 1 "carryout"
    .port_info 4 /INPUT 1 "carryin"
L_01fb5370 .functor XOR 1, L_01fb13c8, L_01fb1528, C4<0>, C4<0>;
L_01fb5718 .functor XOR 1, L_01fb5370, L_01fb5328, C4<0>, C4<0>;
L_01fb5760 .functor AND 1, L_01fb5370, L_01fb5328, C4<1>, C4<1>;
L_01fb5b08 .functor AND 1, L_01fb13c8, L_01fb1528, C4<1>, C4<1>;
L_01fb59e8 .functor OR 1, L_01fb5760, L_01fb5b08, C4<0>, C4<0>;
v01fa1218_0 .net "carryin", 0 0, L_01fb5328;  alias, 1 drivers
v01fa12c8_0 .net "carryout", 0 0, L_01fb59e8;  alias, 1 drivers
v01fa1320_0 .net "p", 0 0, L_01fb5370;  1 drivers
v01fa1378_0 .net "q", 0 0, L_01fb5760;  1 drivers
v01fa1428_0 .net "r", 0 0, L_01fb5b08;  1 drivers
v01fa1c68_0 .net "sum", 0 0, L_01fb5718;  1 drivers
v01fa1848_0 .net "x", 0 0, L_01fb13c8;  1 drivers
v01fa1f28_0 .net "y", 0 0, L_01fb1528;  1 drivers
S_01fa2e60 .scope module, "adder21" "onebitadder" 10 42, 10 1 0, S_01ef5250;
 .timescale 0 0;
    .port_info 0 /INPUT 1 "x"
    .port_info 1 /INPUT 1 "y"
    .port_info 2 /OUTPUT 1 "sum"
    .port_info 3 /OUTPUT 1 "carryout"
    .port_info 4 /INPUT 1 "carryin"
L_01fb6060 .functor XOR 1, L_01fb1630, L_01fb1318, C4<0>, C4<0>;
L_01fb5d00 .functor XOR 1, L_01fb6060, L_01fb59e8, C4<0>, C4<0>;
L_01fb5e68 .functor AND 1, L_01fb6060, L_01fb59e8, C4<1>, C4<1>;
L_01fb5c28 .functor AND 1, L_01fb1630, L_01fb1318, C4<1>, C4<1>;
L_01fb5be0 .functor OR 1, L_01fb5e68, L_01fb5c28, C4<0>, C4<0>;
v01fa1fd8_0 .net "carryin", 0 0, L_01fb59e8;  alias, 1 drivers
v01fa1b08_0 .net "carryout", 0 0, L_01fb5be0;  alias, 1 drivers
v01fa17f0_0 .net "p", 0 0, L_01fb6060;  1 drivers
v01fa1d18_0 .net "q", 0 0, L_01fb5e68;  1 drivers
v01fa1690_0 .net "r", 0 0, L_01fb5c28;  1 drivers
v01fa18a0_0 .net "sum", 0 0, L_01fb5d00;  1 drivers
v01fa1a58_0 .net "x", 0 0, L_01fb1630;  1 drivers
v01fa1d70_0 .net "y", 0 0, L_01fb1318;  1 drivers
S_01fa2f30 .scope module, "adder22" "onebitadder" 10 43, 10 1 0, S_01ef5250;
 .timescale 0 0;
    .port_info 0 /INPUT 1 "x"
    .port_info 1 /INPUT 1 "y"
    .port_info 2 /OUTPUT 1 "sum"
    .port_info 3 /OUTPUT 1 "carryout"
    .port_info 4 /INPUT 1 "carryin"
L_01fb5cb8 .functor XOR 1, L_01fb1268, L_01fb1108, C4<0>, C4<0>;
L_01fb5d48 .functor XOR 1, L_01fb5cb8, L_01fb5be0, C4<0>, C4<0>;
L_01fb5e20 .functor AND 1, L_01fb5cb8, L_01fb5be0, C4<1>, C4<1>;
L_01fb5d90 .functor AND 1, L_01fb1268, L_01fb1108, C4<1>, C4<1>;
L_01fb5c70 .functor OR 1, L_01fb5e20, L_01fb5d90, C4<0>, C4<0>;
v01fa1dc8_0 .net "carryin", 0 0, L_01fb5be0;  alias, 1 drivers
v01fa18f8_0 .net "carryout", 0 0, L_01fb5c70;  alias, 1 drivers
v01fa1f80_0 .net "p", 0 0, L_01fb5cb8;  1 drivers
v01fa1ed0_0 .net "q", 0 0, L_01fb5e20;  1 drivers
v01fa1950_0 .net "r", 0 0, L_01fb5d90;  1 drivers
v01fa1740_0 .net "sum", 0 0, L_01fb5d48;  1 drivers
v01fa16e8_0 .net "x", 0 0, L_01fb1268;  1 drivers
v01fa19a8_0 .net "y", 0 0, L_01fb1108;  1 drivers
S_01fa2bf0 .scope module, "adder23" "onebitadder" 10 44, 10 1 0, S_01ef5250;
 .timescale 0 0;
    .port_info 0 /INPUT 1 "x"
    .port_info 1 /INPUT 1 "y"
    .port_info 2 /OUTPUT 1 "sum"
    .port_info 3 /OUTPUT 1 "carryout"
    .port_info 4 /INPUT 1 "carryin"
L_01fb5eb0 .functor XOR 1, L_01fb1370, L_01fb1160, C4<0>, C4<0>;
L_01fb5dd8 .functor XOR 1, L_01fb5eb0, L_01fb5c70, C4<0>, C4<0>;
L_01fb5ef8 .functor AND 1, L_01fb5eb0, L_01fb5c70, C4<1>, C4<1>;
L_01fb5f40 .functor AND 1, L_01fb1370, L_01fb1160, C4<1>, C4<1>;
L_01fb5fd0 .functor OR 1, L_01fb5ef8, L_01fb5f40, C4<0>, C4<0>;
v01fa1b60_0 .net "carryin", 0 0, L_01fb5c70;  alias, 1 drivers
v01fa1a00_0 .net "carryout", 0 0, L_01fb5fd0;  alias, 1 drivers
v01fa1bb8_0 .net "p", 0 0, L_01fb5eb0;  1 drivers
v01fa1cc0_0 .net "q", 0 0, L_01fb5ef8;  1 drivers
v01fa1798_0 .net "r", 0 0, L_01fb5f40;  1 drivers
v01fa1ab0_0 .net "sum", 0 0, L_01fb5dd8;  1 drivers
v01fa1c10_0 .net "x", 0 0, L_01fb1370;  1 drivers
v01fa1e20_0 .net "y", 0 0, L_01fb1160;  1 drivers
S_01fa2230 .scope module, "adder24" "onebitadder" 10 45, 10 1 0, S_01ef5250;
 .timescale 0 0;
    .port_info 0 /INPUT 1 "x"
    .port_info 1 /INPUT 1 "y"
    .port_info 2 /OUTPUT 1 "sum"
    .port_info 3 /OUTPUT 1 "carryout"
    .port_info 4 /INPUT 1 "carryin"
L_01fb6018 .functor XOR 1, L_01fb1f20, L_01fb17e8, C4<0>, C4<0>;
L_01fb5f88 .functor XOR 1, L_01fb6018, L_01fb5fd0, C4<0>, C4<0>;
L_01fb4878 .functor AND 1, L_01fb6018, L_01fb5fd0, C4<1>, C4<1>;
L_01fb43f8 .functor AND 1, L_01fb1f20, L_01fb17e8, C4<1>, C4<1>;
L_01fb48c0 .functor OR 1, L_01fb4878, L_01fb43f8, C4<0>, C4<0>;
v01fa1e78_0 .net "carryin", 0 0, L_01fb5fd0;  alias, 1 drivers
v01fa39e8_0 .net "carryout", 0 0, L_01fb48c0;  alias, 1 drivers
v01fa3518_0 .net "p", 0 0, L_01fb6018;  1 drivers
v01fa3728_0 .net "q", 0 0, L_01fb4878;  1 drivers
v01fa36d0_0 .net "r", 0 0, L_01fb43f8;  1 drivers
v01fa33b8_0 .net "sum", 0 0, L_01fb5f88;  1 drivers
v01fa3b48_0 .net "x", 0 0, L_01fb1f20;  1 drivers
v01fa35c8_0 .net "y", 0 0, L_01fb17e8;  1 drivers
S_01fa2160 .scope module, "adder25" "onebitadder" 10 46, 10 1 0, S_01ef5250;
 .timescale 0 0;
    .port_info 0 /INPUT 1 "x"
    .port_info 1 /INPUT 1 "y"
    .port_info 2 /OUTPUT 1 "sum"
    .port_info 3 /OUTPUT 1 "carryout"
    .port_info 4 /INPUT 1 "carryin"
L_01fb4440 .functor XOR 1, L_01fb20d8, L_01fb2028, C4<0>, C4<0>;
L_01fb4638 .functor XOR 1, L_01fb4440, L_01fb48c0, C4<0>, C4<0>;
L_01fb4908 .functor AND 1, L_01fb4440, L_01fb48c0, C4<1>, C4<1>;
L_01fb4488 .functor AND 1, L_01fb20d8, L_01fb2028, C4<1>, C4<1>;
L_01fb4128 .functor OR 1, L_01fb4908, L_01fb4488, C4<0>, C4<0>;
v01fa3a98_0 .net "carryin", 0 0, L_01fb48c0;  alias, 1 drivers
v01fa34c0_0 .net "carryout", 0 0, L_01fb4128;  alias, 1 drivers
v01fa3200_0 .net "p", 0 0, L_01fb4440;  1 drivers
v01fa3570_0 .net "q", 0 0, L_01fb4908;  1 drivers
v01fa38e0_0 .net "r", 0 0, L_01fb4488;  1 drivers
v01fa3360_0 .net "sum", 0 0, L_01fb4638;  1 drivers
v01fa3308_0 .net "x", 0 0, L_01fb20d8;  1 drivers
v01fa30a0_0 .net "y", 0 0, L_01fb2028;  1 drivers
S_01fa2b20 .scope module, "adder26" "onebitadder" 10 47, 10 1 0, S_01ef5250;
 .timescale 0 0;
    .port_info 0 /INPUT 1 "x"
    .port_info 1 /INPUT 1 "y"
    .port_info 2 /OUTPUT 1 "sum"
    .port_info 3 /OUTPUT 1 "carryout"
    .port_info 4 /INPUT 1 "carryin"
L_01fb45a8 .functor XOR 1, L_01fb1f78, L_01fb1a50, C4<0>, C4<0>;
L_01fb4758 .functor XOR 1, L_01fb45a8, L_01fb4128, C4<0>, C4<0>;
L_01fb43b0 .functor AND 1, L_01fb45a8, L_01fb4128, C4<1>, C4<1>;
L_01fb4248 .functor AND 1, L_01fb1f78, L_01fb1a50, C4<1>, C4<1>;
L_01fb4170 .functor OR 1, L_01fb43b0, L_01fb4248, C4<0>, C4<0>;
v01fa37d8_0 .net "carryin", 0 0, L_01fb4128;  alias, 1 drivers
v01fa3a40_0 .net "carryout", 0 0, L_01fb4170;  alias, 1 drivers
v01fa3830_0 .net "p", 0 0, L_01fb45a8;  1 drivers
v01fa3410_0 .net "q", 0 0, L_01fb43b0;  1 drivers
v01fa30f8_0 .net "r", 0 0, L_01fb4248;  1 drivers
v01fa3af0_0 .net "sum", 0 0, L_01fb4758;  1 drivers
v01fa3780_0 .net "x", 0 0, L_01fb1f78;  1 drivers
v01fa3990_0 .net "y", 0 0, L_01fb1a50;  1 drivers
S_01fa2300 .scope module, "adder27" "onebitadder" 10 48, 10 1 0, S_01ef5250;
 .timescale 0 0;
    .port_info 0 /INPUT 1 "x"
    .port_info 1 /INPUT 1 "y"
    .port_info 2 /OUTPUT 1 "sum"
    .port_info 3 /OUTPUT 1 "carryout"
    .port_info 4 /INPUT 1 "carryin"
L_01fb41b8 .functor XOR 1, L_01fb1c08, L_01fb16e0, C4<0>, C4<0>;
L_01fb4680 .functor XOR 1, L_01fb41b8, L_01fb4170, C4<0>, C4<0>;
L_01fb4950 .functor AND 1, L_01fb41b8, L_01fb4170, C4<1>, C4<1>;
L_01fb4368 .functor AND 1, L_01fb1c08, L_01fb16e0, C4<1>, C4<1>;
L_01fb4830 .functor OR 1, L_01fb4950, L_01fb4368, C4<0>, C4<0>;
v01fa3468_0 .net "carryin", 0 0, L_01fb4170;  alias, 1 drivers
v01fa3888_0 .net "carryout", 0 0, L_01fb4830;  alias, 1 drivers
v01fa3938_0 .net "p", 0 0, L_01fb41b8;  1 drivers
v01fa3150_0 .net "q", 0 0, L_01fb4950;  1 drivers
v01fa3620_0 .net "r", 0 0, L_01fb4368;  1 drivers
v01fa31a8_0 .net "sum", 0 0, L_01fb4680;  1 drivers
v01fa3258_0 .net "x", 0 0, L_01fb1c08;  1 drivers
v01fa3678_0 .net "y", 0 0, L_01fb16e0;  1 drivers
S_01fa2d90 .scope module, "adder28" "onebitadder" 10 49, 10 1 0, S_01ef5250;
 .timescale 0 0;
    .port_info 0 /INPUT 1 "x"
    .port_info 1 /INPUT 1 "y"
    .port_info 2 /OUTPUT 1 "sum"
    .port_info 3 /OUTPUT 1 "carryout"
    .port_info 4 /INPUT 1 "carryin"
L_01fb4560 .functor XOR 1, L_01fb2130, L_01fb1840, C4<0>, C4<0>;
L_01fb40e0 .functor XOR 1, L_01fb4560, L_01fb4830, C4<0>, C4<0>;
L_01fb4290 .functor AND 1, L_01fb4560, L_01fb4830, C4<1>, C4<1>;
L_01fb4998 .functor AND 1, L_01fb2130, L_01fb1840, C4<1>, C4<1>;
L_01fb47e8 .functor OR 1, L_01fb4290, L_01fb4998, C4<0>, C4<0>;
v01fa32b0_0 .net "carryin", 0 0, L_01fb4830;  alias, 1 drivers
v01fa3eb8_0 .net "carryout", 0 0, L_01fb47e8;  alias, 1 drivers
v01fa4388_0 .net "p", 0 0, L_01fb4560;  1 drivers
v01fa3e60_0 .net "q", 0 0, L_01fb4290;  1 drivers
v01fa4178_0 .net "r", 0 0, L_01fb4998;  1 drivers
v01fa3d00_0 .net "sum", 0 0, L_01fb40e0;  1 drivers
v01fa3f10_0 .net "x", 0 0, L_01fb2130;  1 drivers
v01fa3f68_0 .net "y", 0 0, L_01fb1840;  1 drivers
S_01fa2cc0 .scope module, "adder29" "onebitadder" 10 50, 10 1 0, S_01ef5250;
 .timescale 0 0;
    .port_info 0 /INPUT 1 "x"
    .port_info 1 /INPUT 1 "y"
    .port_info 2 /OUTPUT 1 "sum"
    .port_info 3 /OUTPUT 1 "carryout"
    .port_info 4 /INPUT 1 "carryin"
L_01fb4200 .functor XOR 1, L_01fb18f0, L_01fb19a0, C4<0>, C4<0>;
L_01fb45f0 .functor XOR 1, L_01fb4200, L_01fb47e8, C4<0>, C4<0>;
L_01fb42d8 .functor AND 1, L_01fb4200, L_01fb47e8, C4<1>, C4<1>;
L_01fb4320 .functor AND 1, L_01fb18f0, L_01fb19a0, C4<1>, C4<1>;
L_01fb47a0 .functor OR 1, L_01fb42d8, L_01fb4320, C4<0>, C4<0>;
v01fa43e0_0 .net "carryin", 0 0, L_01fb47e8;  alias, 1 drivers
v01fa3fc0_0 .net "carryout", 0 0, L_01fb47a0;  alias, 1 drivers
v01fa4018_0 .net "p", 0 0, L_01fb4200;  1 drivers
v01fa4070_0 .net "q", 0 0, L_01fb42d8;  1 drivers
v01fa4648_0 .net "r", 0 0, L_01fb4320;  1 drivers
v01fa40c8_0 .net "sum", 0 0, L_01fb45f0;  1 drivers
v01fa4120_0 .net "x", 0 0, L_01fb18f0;  1 drivers
v01fa42d8_0 .net "y", 0 0, L_01fb19a0;  1 drivers
S_01fa2710 .scope module, "adder3" "onebitadder" 10 24, 10 1 0, S_01ef5250;
 .timescale 0 0;
    .port_info 0 /INPUT 1 "x"
    .port_info 1 /INPUT 1 "y"
    .port_info 2 /OUTPUT 1 "sum"
    .port_info 3 /OUTPUT 1 "carryout"
    .port_info 4 /INPUT 1 "carryin"
L_01fa57f8 .functor XOR 1, L_01fb0138, L_01fb0a80, C4<0>, C4<0>;
L_01fa5960 .functor XOR 1, L_01fa57f8, L_01fa5840, C4<0>, C4<0>;
L_01fa5720 .functor AND 1, L_01fa57f8, L_01fa5840, C4<1>, C4<1>;
L_01fa50a8 .functor AND 1, L_01fb0138, L_01fb0a80, C4<1>, C4<1>;
L_01fa5258 .functor OR 1, L_01fa5720, L_01fa50a8, C4<0>, C4<0>;
v01fa3ba0_0 .net "carryin", 0 0, L_01fa5840;  alias, 1 drivers
v01fa3bf8_0 .net "carryout", 0 0, L_01fa5258;  alias, 1 drivers
v01fa4490_0 .net "p", 0 0, L_01fa57f8;  1 drivers
v01fa41d0_0 .net "q", 0 0, L_01fa5720;  1 drivers
v01fa4330_0 .net "r", 0 0, L_01fa50a8;  1 drivers
v01fa3d58_0 .net "sum", 0 0, L_01fa5960;  1 drivers
v01fa4228_0 .net "x", 0 0, L_01fb0138;  1 drivers
v01fa4280_0 .net "y", 0 0, L_01fb0a80;  1 drivers
S_01fa23d0 .scope module, "adder30" "onebitadder" 10 51, 10 1 0, S_01ef5250;
 .timescale 0 0;
    .port_info 0 /INPUT 1 "x"
    .port_info 1 /INPUT 1 "y"
    .port_info 2 /OUTPUT 1 "sum"
    .port_info 3 /OUTPUT 1 "carryout"
    .port_info 4 /INPUT 1 "carryin"
L_01fb46c8 .functor XOR 1, L_01fb2188, L_01fb1948, C4<0>, C4<0>;
L_01fb44d0 .functor XOR 1, L_01fb46c8, L_01fb47a0, C4<0>, C4<0>;
L_01fb4518 .functor AND 1, L_01fb46c8, L_01fb47a0, C4<1>, C4<1>;
L_01fb4710 .functor AND 1, L_01fb2188, L_01fb1948, C4<1>, C4<1>;
L_01fb9ec8 .functor OR 1, L_01fb4518, L_01fb4710, C4<0>, C4<0>;
v01fa4438_0 .net "carryin", 0 0, L_01fb47a0;  alias, 1 drivers
v01fa44e8_0 .net "carryout", 0 0, L_01fb9ec8;  alias, 1 drivers
v01fa3db0_0 .net "p", 0 0, L_01fb46c8;  1 drivers
v01fa3e08_0 .net "q", 0 0, L_01fb4518;  1 drivers
v01fa4540_0 .net "r", 0 0, L_01fb4710;  1 drivers
v01fa4598_0 .net "sum", 0 0, L_01fb44d0;  1 drivers
v01fa45f0_0 .net "x", 0 0, L_01fb2188;  1 drivers
v01fa3c50_0 .net "y", 0 0, L_01fb1948;  1 drivers
S_01fa24a0 .scope module, "adder31" "onebitadder" 10 52, 10 1 0, S_01ef5250;
 .timescale 0 0;
    .port_info 0 /INPUT 1 "x"
    .port_info 1 /INPUT 1 "y"
    .port_info 2 /OUTPUT 1 "sum"
    .port_info 3 /OUTPUT 1 "carryout"
    .port_info 4 /INPUT 1 "carryin"
L_01fb9bb0 .functor XOR 1, L_01fb1738, L_01fb1898, C4<0>, C4<0>;
L_01fb9f10 .functor XOR 1, L_01fb9bb0, L_01fb9ec8, C4<0>, C4<0>;
L_01fb9970 .functor AND 1, L_01fb9bb0, L_01fb9ec8, C4<1>, C4<1>;
L_01fb9b20 .functor AND 1, L_01fb1738, L_01fb1898, C4<1>, C4<1>;
L_01fb9808 .functor OR 1, L_01fb9970, L_01fb9b20, C4<0>, C4<0>;
v01fa3ca8_0 .net "carryin", 0 0, L_01fb9ec8;  alias, 1 drivers
v01fa4a10_0 .net "carryout", 0 0, L_01fb9808;  alias, 1 drivers
v01fa4e30_0 .net "p", 0 0, L_01fb9bb0;  1 drivers
v01fa46f8_0 .net "q", 0 0, L_01fb9970;  1 drivers
v01fa4750_0 .net "r", 0 0, L_01fb9b20;  1 drivers
v01fa4858_0 .net "sum", 0 0, L_01fb9f10;  1 drivers
v01fa4a68_0 .net "x", 0 0, L_01fb1738;  1 drivers
v01fa4b70_0 .net "y", 0 0, L_01fb1898;  1 drivers
S_01fa28b0 .scope module, "adder4" "onebitadder" 10 25, 10 1 0, S_01ef5250;
 .timescale 0 0;
    .port_info 0 /INPUT 1 "x"
    .port_info 1 /INPUT 1 "y"
    .port_info 2 /OUTPUT 1 "sum"
    .port_info 3 /OUTPUT 1 "carryout"
    .port_info 4 /INPUT 1 "carryin"
L_01fa5450 .functor XOR 1, L_01fb0b30, L_01fb04a8, C4<0>, C4<0>;
L_01fa5690 .functor XOR 1, L_01fa5450, L_01fa5258, C4<0>, C4<0>;
L_01fa5768 .functor AND 1, L_01fa5450, L_01fa5258, C4<1>, C4<1>;
L_01fa50f0 .functor AND 1, L_01fb0b30, L_01fb04a8, C4<1>, C4<1>;
L_01fa5888 .functor OR 1, L_01fa5768, L_01fa50f0, C4<0>, C4<0>;
v01fa4fe8_0 .net "carryin", 0 0, L_01fa5258;  alias, 1 drivers
v01fa4908_0 .net "carryout", 0 0, L_01fa5888;  alias, 1 drivers
v01fa49b8_0 .net "p", 0 0, L_01fa5450;  1 drivers
v01fa46a0_0 .net "q", 0 0, L_01fa5768;  1 drivers
v01fa47a8_0 .net "r", 0 0, L_01fa50f0;  1 drivers
v01fa4800_0 .net "sum", 0 0, L_01fa5690;  1 drivers
v01fa4ac0_0 .net "x", 0 0, L_01fb0b30;  1 drivers
v01fa4b18_0 .net "y", 0 0, L_01fb04a8;  1 drivers
S_01fa6b40 .scope module, "adder5" "onebitadder" 10 26, 10 1 0, S_01ef5250;
 .timescale 0 0;
    .port_info 0 /INPUT 1 "x"
    .port_info 1 /INPUT 1 "y"
    .port_info 2 /OUTPUT 1 "sum"
    .port_info 3 /OUTPUT 1 "carryout"
    .port_info 4 /INPUT 1 "carryin"
L_01fa5138 .functor XOR 1, L_01fb0500, L_01fb0b88, C4<0>, C4<0>;
L_01fa54e0 .functor XOR 1, L_01fa5138, L_01fa5888, C4<0>, C4<0>;
L_01fa52a0 .functor AND 1, L_01fa5138, L_01fa5888, C4<1>, C4<1>;
L_01fa5180 .functor AND 1, L_01fb0500, L_01fb0b88, C4<1>, C4<1>;
L_01fa5408 .functor OR 1, L_01fa52a0, L_01fa5180, C4<0>, C4<0>;
v01fa48b0_0 .net "carryin", 0 0, L_01fa5888;  alias, 1 drivers
v01fa4960_0 .net "carryout", 0 0, L_01fa5408;  alias, 1 drivers
v01fa4bc8_0 .net "p", 0 0, L_01fa5138;  1 drivers
v01fa4c20_0 .net "q", 0 0, L_01fa52a0;  1 drivers
v01fa4d28_0 .net "r", 0 0, L_01fa5180;  1 drivers
v01fa4ee0_0 .net "sum", 0 0, L_01fa54e0;  1 drivers
v01fa4c78_0 .net "x", 0 0, L_01fb0500;  1 drivers
v01fa4cd0_0 .net "y", 0 0, L_01fb0b88;  1 drivers
S_01fa7770 .scope module, "adder6" "onebitadder" 10 27, 10 1 0, S_01ef5250;
 .timescale 0 0;
    .port_info 0 /INPUT 1 "x"
    .port_info 1 /INPUT 1 "y"
    .port_info 2 /OUTPUT 1 "sum"
    .port_info 3 /OUTPUT 1 "carryout"
    .port_info 4 /INPUT 1 "carryin"
L_01fa52e8 .functor XOR 1, L_01fb0558, L_01fb05b0, C4<0>, C4<0>;
L_01fa5330 .functor XOR 1, L_01fa52e8, L_01fa5408, C4<0>, C4<0>;
L_01fa5528 .functor AND 1, L_01fa52e8, L_01fa5408, C4<1>, C4<1>;
L_01fa5498 .functor AND 1, L_01fb0558, L_01fb05b0, C4<1>, C4<1>;
L_01fa5378 .functor OR 1, L_01fa5528, L_01fa5498, C4<0>, C4<0>;
v01fa4d80_0 .net "carryin", 0 0, L_01fa5408;  alias, 1 drivers
v01fa4dd8_0 .net "carryout", 0 0, L_01fa5378;  alias, 1 drivers
v01fa4e88_0 .net "p", 0 0, L_01fa52e8;  1 drivers
v01fa4f38_0 .net "q", 0 0, L_01fa5528;  1 drivers
v01fa4f90_0 .net "r", 0 0, L_01fa5498;  1 drivers
v01fa8848_0 .net "sum", 0 0, L_01fa5330;  1 drivers
v01fa8270_0 .net "x", 0 0, L_01fb0558;  1 drivers
v01fa83d0_0 .net "y", 0 0, L_01fb05b0;  1 drivers
S_01fa6250 .scope module, "adder7" "onebitadder" 10 28, 10 1 0, S_01ef5250;
 .timescale 0 0;
    .port_info 0 /INPUT 1 "x"
    .port_info 1 /INPUT 1 "y"
    .port_info 2 /OUTPUT 1 "sum"
    .port_info 3 /OUTPUT 1 "carryout"
    .port_info 4 /INPUT 1 "carryin"
L_01fa53c0 .functor XOR 1, L_01fb0608, L_01fb0190, C4<0>, C4<0>;
L_01fa5648 .functor XOR 1, L_01fa53c0, L_01fa5378, C4<0>, C4<0>;
L_01fa5570 .functor AND 1, L_01fa53c0, L_01fa5378, C4<1>, C4<1>;
L_01fa55b8 .functor AND 1, L_01fb0608, L_01fb0190, C4<1>, C4<1>;
L_01fa5600 .functor OR 1, L_01fa5570, L_01fa55b8, C4<0>, C4<0>;
v01fa8690_0 .net "carryin", 0 0, L_01fa5378;  alias, 1 drivers
v01fa8638_0 .net "carryout", 0 0, L_01fa5600;  alias, 1 drivers
v01fa88a0_0 .net "p", 0 0, L_01fa53c0;  1 drivers
v01fa84d8_0 .net "q", 0 0, L_01fa5570;  1 drivers
v01fa80b8_0 .net "r", 0 0, L_01fa55b8;  1 drivers
v01fa87f0_0 .net "sum", 0 0, L_01fa5648;  1 drivers
v01fa8b60_0 .net "x", 0 0, L_01fb0608;  1 drivers
v01fa88f8_0 .net "y", 0 0, L_01fb0190;  1 drivers
S_01fa63f0 .scope module, "adder8" "onebitadder" 10 29, 10 1 0, S_01ef5250;
 .timescale 0 0;
    .port_info 0 /INPUT 1 "x"
    .port_info 1 /INPUT 1 "y"
    .port_info 2 /OUTPUT 1 "sum"
    .port_info 3 /OUTPUT 1 "carryout"
    .port_info 4 /INPUT 1 "carryin"
L_01fa57b0 .functor XOR 1, L_01fb0d98, L_01fb11b8, C4<0>, C4<0>;
L_01fb5058 .functor XOR 1, L_01fa57b0, L_01fa5600, C4<0>, C4<0>;
L_01fb4f80 .functor AND 1, L_01fa57b0, L_01fa5600, C4<1>, C4<1>;
L_01fb4ab8 .functor AND 1, L_01fb0d98, L_01fb11b8, C4<1>, C4<1>;
L_01fb49e0 .functor OR 1, L_01fb4f80, L_01fb4ab8, C4<0>, C4<0>;
v01fa8378_0 .net "carryin", 0 0, L_01fa5600;  alias, 1 drivers
v01fa8320_0 .net "carryout", 0 0, L_01fb49e0;  alias, 1 drivers
v01fa8950_0 .net "p", 0 0, L_01fa57b0;  1 drivers
v01fa82c8_0 .net "q", 0 0, L_01fb4f80;  1 drivers
v01fa8ab0_0 .net "r", 0 0, L_01fb4ab8;  1 drivers
v01fa8110_0 .net "sum", 0 0, L_01fb5058;  1 drivers
v01fa8740_0 .net "x", 0 0, L_01fb0d98;  1 drivers
v01fa8530_0 .net "y", 0 0, L_01fb11b8;  1 drivers
S_01fa6ce0 .scope module, "adder9" "onebitadder" 10 30, 10 1 0, S_01ef5250;
 .timescale 0 0;
    .port_info 0 /INPUT 1 "x"
    .port_info 1 /INPUT 1 "y"
    .port_info 2 /OUTPUT 1 "sum"
    .port_info 3 /OUTPUT 1 "carryout"
    .port_info 4 /INPUT 1 "carryin"
L_01fb50a0 .functor XOR 1, L_01fb0be0, L_01fb0ef8, C4<0>, C4<0>;
L_01fb4b00 .functor XOR 1, L_01fb50a0, L_01fb49e0, C4<0>, C4<0>;
L_01fb4b48 .functor AND 1, L_01fb50a0, L_01fb49e0, C4<1>, C4<1>;
L_01fb4bd8 .functor AND 1, L_01fb0be0, L_01fb0ef8, C4<1>, C4<1>;
L_01fb4b90 .functor OR 1, L_01fb4b48, L_01fb4bd8, C4<0>, C4<0>;
v01fa89a8_0 .net "carryin", 0 0, L_01fb49e0;  alias, 1 drivers
v01fa86e8_0 .net "carryout", 0 0, L_01fb4b90;  alias, 1 drivers
v01fa8a00_0 .net "p", 0 0, L_01fb50a0;  1 drivers
v01fa8588_0 .net "q", 0 0, L_01fb4b48;  1 drivers
v01fa8a58_0 .net "r", 0 0, L_01fb4bd8;  1 drivers
v01fa8b08_0 .net "sum", 0 0, L_01fb4b00;  1 drivers
v01fa85e0_0 .net "x", 0 0, L_01fb0be0;  1 drivers
v01fa8168_0 .net "y", 0 0, L_01fb0ef8;  1 drivers
S_01fa7910 .scope module, "SUBTRACT" "thirtytwobitsubtractor" 9 13, 10 56 0, S_01ef5180;
 .timescale 0 0;
    .port_info 0 /INPUT 32 "a"
    .port_info 1 /INPUT 32 "b"
    .port_info 2 /OUTPUT 1 "carryout"
    .port_info 3 /OUTPUT 32 "s"
    .port_info 4 /INPUT 1 "carryin"
L_01fbbf10 .functor BUFT 1, C4<1>, C4<0>, C4<0>, C4<0>;
L_01fb9b68 .functor XOR 1, L_01fb2080, L_01fbbf10, C4<0>, C4<0>;
L_01fbbf38 .functor BUFT 1, C4<1>, C4<0>, C4<0>, C4<0>;
L_01fb9f58 .functor XOR 1, L_01fb1aa8, L_01fbbf38, C4<0>, C4<0>;
L_01fbbf60 .functor BUFT 1, C4<1>, C4<0>, C4<0>, C4<0>;
L_01fb9e80 .functor XOR 1, L_01fb1b00, L_01fbbf60, C4<0>, C4<0>;
L_01fbbf88 .functor BUFT 1, C4<1>, C4<0>, C4<0>, C4<0>;
L_01fb9ad8 .functor XOR 1, L_01fb1ec8, L_01fbbf88, C4<0>, C4<0>;
L_01fbbfb0 .functor BUFT 1, C4<1>, C4<0>, C4<0>, C4<0>;
L_01fb9da8 .functor XOR 1, L_01fb1fd0, L_01fbbfb0, C4<0>, C4<0>;
L_01fbbfd8 .functor BUFT 1, C4<1>, C4<0>, C4<0>, C4<0>;
L_01fb9850 .functor XOR 1, L_01fb1cb8, L_01fbbfd8, C4<0>, C4<0>;
L_01fbc000 .functor BUFT 1, C4<1>, C4<0>, C4<0>, C4<0>;
L_01fb9c88 .functor XOR 1, L_01fb1790, L_01fbc000, C4<0>, C4<0>;
L_01fbc028 .functor BUFT 1, C4<1>, C4<0>, C4<0>, C4<0>;
L_01fb9df0 .functor XOR 1, L_01fb1d68, L_01fbc028, C4<0>, C4<0>;
L_01fbc050 .functor BUFT 1, C4<1>, C4<0>, C4<0>, C4<0>;
L_01fb9fa0 .functor XOR 1, L_01fb1bb0, L_01fbc050, C4<0>, C4<0>;
L_01fbc078 .functor BUFT 1, C4<1>, C4<0>, C4<0>, C4<0>;
L_01fb9898 .functor XOR 1, L_01fb1c60, L_01fbc078, C4<0>, C4<0>;
L_01fbc0a0 .functor BUFT 1, C4<1>, C4<0>, C4<0>, C4<0>;
L_01fb9e38 .functor XOR 1, L_01fb1b58, L_01fbc0a0, C4<0>, C4<0>;
L_01fbc0c8 .functor BUFT 1, C4<1>, C4<0>, C4<0>, C4<0>;
L_01fba0c0 .functor XOR 1, L_01fb1d10, L_01fbc0c8, C4<0>, C4<0>;
L_01fbc0f0 .functor BUFT 1, C4<1>, C4<0>, C4<0>, C4<0>;
L_01fb98e0 .functor XOR 1, L_01fb1dc0, L_01fbc0f0, C4<0>, C4<0>;
L_01fbc118 .functor BUFT 1, C4<1>, C4<0>, C4<0>, C4<0>;
L_01fb9fe8 .functor XOR 1, L_01fb1e18, L_01fbc118, C4<0>, C4<0>;
L_01fbc140 .functor BUFT 1, C4<1>, C4<0>, C4<0>, C4<0>;
L_01fba078 .functor XOR 1, L_01fb1e70, L_01fbc140, C4<0>, C4<0>;
L_01fbc168 .functor BUFT 1, C4<1>, C4<0>, C4<0>, C4<0>;
L_01fb9928 .functor XOR 1, L_01fb2c30, L_01fbc168, C4<0>, C4<0>;
L_01fbc190 .functor BUFT 1, C4<1>, C4<0>, C4<0>, C4<0>;
L_01fb9a48 .functor XOR 1, L_01fb2658, L_01fbc190, C4<0>, C4<0>;
L_01fbc1b8 .functor BUFT 1, C4<1>, C4<0>, C4<0>, C4<0>;
L_01fb9cd0 .functor XOR 1, L_01fb26b0, L_01fbc1b8, C4<0>, C4<0>;
L_01fbc1e0 .functor BUFT 1, C4<1>, C4<0>, C4<0>, C4<0>;
L_01fb99b8 .functor XOR 1, L_01fb24f8, L_01fbc1e0, C4<0>, C4<0>;
L_01fbc208 .functor BUFT 1, C4<1>, C4<0>, C4<0>, C4<0>;
L_01fba030 .functor XOR 1, L_01fb25a8, L_01fbc208, C4<0>, C4<0>;
L_01fbc230 .functor BUFT 1, C4<1>, C4<0>, C4<0>, C4<0>;
L_01fb9bf8 .functor XOR 1, L_01fb2708, L_01fbc230, C4<0>, C4<0>;
L_01fbc258 .functor BUFT 1, C4<1>, C4<0>, C4<0>, C4<0>;
L_01fb9d60 .functor XOR 1, L_01fb2760, L_01fbc258, C4<0>, C4<0>;
L_01fbc280 .functor BUFT 1, C4<1>, C4<0>, C4<0>, C4<0>;
L_01fb9a00 .functor XOR 1, L_01fb2550, L_01fbc280, C4<0>, C4<0>;
L_01fbc2a8 .functor BUFT 1, C4<1>, C4<0>, C4<0>, C4<0>;
L_01fb9a90 .functor XOR 1, L_01fb23f0, L_01fbc2a8, C4<0>, C4<0>;
L_01fbc2d0 .functor BUFT 1, C4<1>, C4<0>, C4<0>, C4<0>;
L_01fb9c40 .functor XOR 1, L_01fb27b8, L_01fbc2d0, C4<0>, C4<0>;
L_01fbc2f8 .functor BUFT 1, C4<1>, C4<0>, C4<0>, C4<0>;
L_01fb9d18 .functor XOR 1, L_01fb2c88, L_01fbc2f8, C4<0>, C4<0>;
L_01fbc320 .functor BUFT 1, C4<1>, C4<0>, C4<0>, C4<0>;
L_01fba978 .functor XOR 1, L_01fb29c8, L_01fbc320, C4<0>, C4<0>;
L_01fbc348 .functor BUFT 1, C4<1>, C4<0>, C4<0>, C4<0>;
L_01fba6f0 .functor XOR 1, L_01fb2b28, L_01fbc348, C4<0>, C4<0>;
L_01fbc370 .functor BUFT 1, C4<1>, C4<0>, C4<0>, C4<0>;
L_01fba108 .functor XOR 1, L_01fb22e8, L_01fbc370, C4<0>, C4<0>;
L_01fbc398 .functor BUFT 1, C4<1>, C4<0>, C4<0>, C4<0>;
L_01fba930 .functor XOR 1, L_01fb2340, L_01fbc398, C4<0>, C4<0>;
L_01fbc3c0 .functor BUFT 1, C4<1>, C4<0>, C4<0>, C4<0>;
L_01fba858 .functor XOR 1, L_01fb2970, L_01fbc3c0, C4<0>, C4<0>;
L_01fbc3e8 .functor BUFT 1, C4<1>, C4<0>, C4<0>, C4<0>;
L_01fba4f8 .functor XOR 1, L_01fb2398, L_01fbc3e8, C4<0>, C4<0>;
v01fa8d18_0 .net *"_s0", 0 0, L_01fb9b68;  1 drivers
v01fa97c0_0 .net/2s *"_s10", 0 0, L_01fbbf38;  1 drivers
v01fa9b88_0 .net/2s *"_s100", 0 0, L_01fbc190;  1 drivers
v01fa9a80_0 .net *"_s102", 0 0, L_01fb9cd0;  1 drivers
v01fa9ef8_0 .net *"_s105", 0 0, L_01fb26b0;  1 drivers
v01fa9fa8_0 .net/2s *"_s106", 0 0, L_01fbc1b8;  1 drivers
v01fa9b30_0 .net *"_s108", 0 0, L_01fb99b8;  1 drivers
v01fa9ad8_0 .net *"_s111", 0 0, L_01fb24f8;  1 drivers
v01fa9ce8_0 .net/2s *"_s112", 0 0, L_01fbc1e0;  1 drivers
v01fa9ea0_0 .net *"_s114", 0 0, L_01fba030;  1 drivers
v01fa96b8_0 .net *"_s117", 0 0, L_01fb25a8;  1 drivers
v01fa9f50_0 .net/2s *"_s118", 0 0, L_01fbc208;  1 drivers
v01fa9a28_0 .net *"_s12", 0 0, L_01fb9e80;  1 drivers
v01fa9d40_0 .net *"_s120", 0 0, L_01fb9bf8;  1 drivers
v01fa9e48_0 .net *"_s123", 0 0, L_01fb2708;  1 drivers
v01faa000_0 .net/2s *"_s124", 0 0, L_01fbc230;  1 drivers
v01fa99d0_0 .net *"_s126", 0 0, L_01fb9d60;  1 drivers
v01fa9be0_0 .net *"_s129", 0 0, L_01fb2760;  1 drivers
v01fa9c38_0 .net/2s *"_s130", 0 0, L_01fbc258;  1 drivers
v01fa9df0_0 .net *"_s132", 0 0, L_01fb9a00;  1 drivers
v01fa9c90_0 .net *"_s135", 0 0, L_01fb2550;  1 drivers
v01fa9710_0 .net/2s *"_s136", 0 0, L_01fbc280;  1 drivers
v01fa9978_0 .net *"_s138", 0 0, L_01fb9a90;  1 drivers
v01fa9d98_0 .net *"_s141", 0 0, L_01fb23f0;  1 drivers
v01fa9768_0 .net/2s *"_s142", 0 0, L_01fbc2a8;  1 drivers
v01fa9818_0 .net *"_s144", 0 0, L_01fb9c40;  1 drivers
v01fa9870_0 .net *"_s147", 0 0, L_01fb27b8;  1 drivers
v01fa98c8_0 .net/2s *"_s148", 0 0, L_01fbc2d0;  1 drivers
v01fa9920_0 .net *"_s15", 0 0, L_01fb1b00;  1 drivers
v01faa698_0 .net *"_s150", 0 0, L_01fb9d18;  1 drivers
v01faa1c8_0 .net *"_s153", 0 0, L_01fb2c88;  1 drivers
v01faa6f0_0 .net/2s *"_s154", 0 0, L_01fbc2f8;  1 drivers
v01faa220_0 .net *"_s156", 0 0, L_01fba978;  1 drivers
v01faa278_0 .net *"_s159", 0 0, L_01fb29c8;  1 drivers
v01faa590_0 .net/2s *"_s16", 0 0, L_01fbbf60;  1 drivers
v01faa7a0_0 .net/2s *"_s160", 0 0, L_01fbc320;  1 drivers
v01faa5e8_0 .net *"_s162", 0 0, L_01fba6f0;  1 drivers
v01faaab8_0 .net *"_s165", 0 0, L_01fb2b28;  1 drivers
v01faa0c0_0 .net/2s *"_s166", 0 0, L_01fbc348;  1 drivers
v01faa3d8_0 .net *"_s168", 0 0, L_01fba108;  1 drivers
v01faa118_0 .net *"_s171", 0 0, L_01fb22e8;  1 drivers
v01faab68_0 .net/2s *"_s172", 0 0, L_01fbc370;  1 drivers
v01faa640_0 .net *"_s174", 0 0, L_01fba930;  1 drivers
v01faa2d0_0 .net *"_s177", 0 0, L_01fb2340;  1 drivers
v01faa850_0 .net/2s *"_s178", 0 0, L_01fbc398;  1 drivers
v01faa380_0 .net *"_s18", 0 0, L_01fb9ad8;  1 drivers
v01faa328_0 .net *"_s180", 0 0, L_01fba858;  1 drivers
v01faa7f8_0 .net *"_s183", 0 0, L_01fb2970;  1 drivers
v01faab10_0 .net/2s *"_s184", 0 0, L_01fbc3c0;  1 drivers
v01faa9b0_0 .net *"_s186", 0 0, L_01fba4f8;  1 drivers
v01faa958_0 .net *"_s190", 0 0, L_01fb2398;  1 drivers
v01faa8a8_0 .net/2s *"_s191", 0 0, L_01fbc3e8;  1 drivers
v01faa430_0 .net *"_s21", 0 0, L_01fb1ec8;  1 drivers
v01faaa08_0 .net/2s *"_s22", 0 0, L_01fbbf88;  1 drivers
v01faaa60_0 .net *"_s24", 0 0, L_01fb9da8;  1 drivers
v01faa488_0 .net *"_s27", 0 0, L_01fb1fd0;  1 drivers
v01faa170_0 .net/2s *"_s28", 0 0, L_01fbbfb0;  1 drivers
v01faa4e0_0 .net *"_s3", 0 0, L_01fb2080;  1 drivers
v01faa538_0 .net *"_s30", 0 0, L_01fb9850;  1 drivers
v01faa748_0 .net *"_s33", 0 0, L_01fb1cb8;  1 drivers
v01faa900_0 .net/2s *"_s34", 0 0, L_01fbbfd8;  1 drivers
v01fab3a8_0 .net *"_s36", 0 0, L_01fb9c88;  1 drivers
v01faae28_0 .net *"_s39", 0 0, L_01fb1790;  1 drivers
v01faadd0_0 .net/2s *"_s4", 0 0, L_01fbbf10;  1 drivers
v01faaf88_0 .net/2s *"_s40", 0 0, L_01fbc000;  1 drivers
v01fab5b8_0 .net *"_s42", 0 0, L_01fb9df0;  1 drivers
v01fab038_0 .net *"_s45", 0 0, L_01fb1d68;  1 drivers
v01faacc8_0 .net/2s *"_s46", 0 0, L_01fbc028;  1 drivers
v01fab2f8_0 .net *"_s48", 0 0, L_01fb9fa0;  1 drivers
v01fab4b0_0 .net *"_s51", 0 0, L_01fb1bb0;  1 drivers
v01faac70_0 .net/2s *"_s52", 0 0, L_01fbc050;  1 drivers
v01faac18_0 .net *"_s54", 0 0, L_01fb9898;  1 drivers
v01faae80_0 .net *"_s57", 0 0, L_01fb1c60;  1 drivers
v01fab508_0 .net/2s *"_s58", 0 0, L_01fbc078;  1 drivers
v01fab090_0 .net *"_s6", 0 0, L_01fb9f58;  1 drivers
v01fab248_0 .net *"_s60", 0 0, L_01fb9e38;  1 drivers
v01faabc0_0 .net *"_s63", 0 0, L_01fb1b58;  1 drivers
v01fab400_0 .net/2s *"_s64", 0 0, L_01fbc0a0;  1 drivers
v01fab0e8_0 .net *"_s66", 0 0, L_01fba0c0;  1 drivers
v01fab2a0_0 .net *"_s69", 0 0, L_01fb1d10;  1 drivers
v01faaed8_0 .net/2s *"_s70", 0 0, L_01fbc0c8;  1 drivers
v01fab610_0 .net *"_s72", 0 0, L_01fb98e0;  1 drivers
v01fab668_0 .net *"_s75", 0 0, L_01fb1dc0;  1 drivers
v01faafe0_0 .net/2s *"_s76", 0 0, L_01fbc0f0;  1 drivers
v01faad20_0 .net *"_s78", 0 0, L_01fb9fe8;  1 drivers
v01fab350_0 .net *"_s81", 0 0, L_01fb1e18;  1 drivers
v01faad78_0 .net/2s *"_s82", 0 0, L_01fbc118;  1 drivers
v01faaf30_0 .net *"_s84", 0 0, L_01fba078;  1 drivers
v01fab140_0 .net *"_s87", 0 0, L_01fb1e70;  1 drivers
v01fab198_0 .net/2s *"_s88", 0 0, L_01fbc140;  1 drivers
v01fab1f0_0 .net *"_s9", 0 0, L_01fb1aa8;  1 drivers
v01fab458_0 .net *"_s90", 0 0, L_01fb9928;  1 drivers
v01fab560_0 .net *"_s93", 0 0, L_01fb2c30;  1 drivers
v01fabf00_0 .net/2s *"_s94", 0 0, L_01fbc168;  1 drivers
v01fabd48_0 .net *"_s96", 0 0, L_01fb9a48;  1 drivers
v01fab928_0 .net *"_s99", 0 0, L_01fb2658;  1 drivers
v01fab770_0 .net "a", 31 0, v01fb09d0_0;  alias, 1 drivers
v01fabf58_0 .net "b", 31 0, v01fb03f8_0;  alias, 1 drivers
L_01fbc410 .functor BUFT 1, C4<0>, C4<0>, C4<0>, C4<0>;
v01fabea8_0 .net "carryin", 0 0, L_01fbc410;  1 drivers
v01fab7c8_0 .net "carryout", 0 0, o01f6ef3c;  alias, 0 drivers
v01fabfb0_0 .net "m", 31 0, L_01fb2868;  1 drivers
v01fab980_0 .net "s", 31 0, o01f6ef6c;  alias, 0 drivers
L_01fb2080 .part v01fb03f8_0, 0, 1;
L_01fb1aa8 .part v01fb03f8_0, 1, 1;
L_01fb1b00 .part v01fb03f8_0, 2, 1;
L_01fb1ec8 .part v01fb03f8_0, 3, 1;
L_01fb1fd0 .part v01fb03f8_0, 4, 1;
L_01fb1cb8 .part v01fb03f8_0, 5, 1;
L_01fb1790 .part v01fb03f8_0, 6, 1;
L_01fb1d68 .part v01fb03f8_0, 7, 1;
L_01fb1bb0 .part v01fb03f8_0, 8, 1;
L_01fb1c60 .part v01fb03f8_0, 9, 1;
L_01fb1b58 .part v01fb03f8_0, 10, 1;
L_01fb1d10 .part v01fb03f8_0, 11, 1;
L_01fb1dc0 .part v01fb03f8_0, 12, 1;
L_01fb1e18 .part v01fb03f8_0, 13, 1;
L_01fb1e70 .part v01fb03f8_0, 14, 1;
L_01fb2c30 .part v01fb03f8_0, 15, 1;
L_01fb2658 .part v01fb03f8_0, 16, 1;
L_01fb26b0 .part v01fb03f8_0, 17, 1;
L_01fb24f8 .part v01fb03f8_0, 18, 1;
L_01fb25a8 .part v01fb03f8_0, 19, 1;
L_01fb2708 .part v01fb03f8_0, 20, 1;
L_01fb2760 .part v01fb03f8_0, 21, 1;
L_01fb2550 .part v01fb03f8_0, 22, 1;
L_01fb23f0 .part v01fb03f8_0, 23, 1;
L_01fb27b8 .part v01fb03f8_0, 24, 1;
L_01fb2c88 .part v01fb03f8_0, 25, 1;
L_01fb29c8 .part v01fb03f8_0, 26, 1;
L_01fb2b28 .part v01fb03f8_0, 27, 1;
L_01fb22e8 .part v01fb03f8_0, 28, 1;
L_01fb2340 .part v01fb03f8_0, 29, 1;
L_01fb2970 .part v01fb03f8_0, 30, 1;
LS_01fb2868_0_0 .concat8 [ 1 1 1 1], L_01fb9b68, L_01fb9f58, L_01fb9e80, L_01fb9ad8;
LS_01fb2868_0_4 .concat8 [ 1 1 1 1], L_01fb9da8, L_01fb9850, L_01fb9c88, L_01fb9df0;
LS_01fb2868_0_8 .concat8 [ 1 1 1 1], L_01fb9fa0, L_01fb9898, L_01fb9e38, L_01fba0c0;
LS_01fb2868_0_12 .concat8 [ 1 1 1 1], L_01fb98e0, L_01fb9fe8, L_01fba078, L_01fb9928;
LS_01fb2868_0_16 .concat8 [ 1 1 1 1], L_01fb9a48, L_01fb9cd0, L_01fb99b8, L_01fba030;
LS_01fb2868_0_20 .concat8 [ 1 1 1 1], L_01fb9bf8, L_01fb9d60, L_01fb9a00, L_01fb9a90;
LS_01fb2868_0_24 .concat8 [ 1 1 1 1], L_01fb9c40, L_01fb9d18, L_01fba978, L_01fba6f0;
LS_01fb2868_0_28 .concat8 [ 1 1 1 1], L_01fba108, L_01fba930, L_01fba858, L_01fba4f8;
LS_01fb2868_1_0 .concat8 [ 4 4 4 4], LS_01fb2868_0_0, LS_01fb2868_0_4, LS_01fb2868_0_8, LS_01fb2868_0_12;
LS_01fb2868_1_4 .concat8 [ 4 4 4 4], LS_01fb2868_0_16, LS_01fb2868_0_20, LS_01fb2868_0_24, LS_01fb2868_0_28;
L_01fb2868 .concat8 [ 16 16 0 0], LS_01fb2868_1_0, LS_01fb2868_1_4;
L_01fb2398 .part v01fb03f8_0, 31, 1;
S_01fa7290 .scope module, "orop" "OR" 9 15, 11 42 0, S_01ef5180;
 .timescale 0 0;
    .port_info 0 /INPUT 32 "in1"
    .port_info 1 /INPUT 32 "in2"
    .port_info 2 /OUTPUT 32 "out"
L_01fbab70 .functor OR 1, L_01feb440, L_01feb5f8, C4<0>, C4<0>;
L_01fbabb8 .functor OR 1, L_01feb4f0, L_01feb1d8, C4<0>, C4<0>;
L_01fbadb0 .functor OR 1, L_01feb230, L_01feb5a0, C4<0>, C4<0>;
L_01fbac90 .functor OR 1, L_01feae68, L_01feb078, C4<0>, C4<0>;
L_01fbaa98 .functor OR 1, L_01feb128, L_01feb548, C4<0>, C4<0>;
L_01fbadf8 .functor OR 1, L_01feaec0, L_01feaf18, C4<0>, C4<0>;
L_01fbab28 .functor OR 1, L_01feaf70, L_01feb650, C4<0>, C4<0>;
L_01fbae40 .functor OR 1, L_01feb758, L_01febf40, C4<0>, C4<0>;
L_01fbac00 .functor OR 1, L_01feb9c0, L_01febe38, C4<0>, C4<0>;
L_01fbaa08 .functor OR 1, L_01fec0f8, L_01feb860, C4<0>, C4<0>;
L_01fbaae0 .functor OR 1, L_01febe90, L_01feba70, C4<0>, C4<0>;
L_01fb91d8 .functor OR 1, L_01febcd8, L_01febf98, C4<0>, C4<0>;
L_01fb9028 .functor OR 1, L_01feb910, L_01feb8b8, C4<0>, C4<0>;
L_01fb94f0 .functor OR 1, L_01febee8, L_01feb968, C4<0>, C4<0>;
L_01fb92f8 .functor OR 1, L_01feb6a8, L_01febff0, C4<0>, C4<0>;
L_01fb9730 .functor OR 1, L_01feb7b0, L_01febd88, C4<0>, C4<0>;
L_01fb9778 .functor OR 1, L_01fec048, L_01feb700, C4<0>, C4<0>;
L_01fb9580 .functor OR 1, L_01febd30, L_01fec0a0, C4<0>, C4<0>;
L_01fb9148 .functor OR 1, L_01feba18, L_01febb78, C4<0>, C4<0>;
L_01fb97c0 .functor OR 1, L_01feb808, L_01febb20, C4<0>, C4<0>;
L_01fb90b8 .functor OR 1, L_01febac8, L_01febbd0, C4<0>, C4<0>;
L_01fb8f08 .functor OR 1, L_01febde0, L_01febc28, C4<0>, C4<0>;
L_01fb9538 .functor OR 1, L_01febc80, L_01fec9e8, C4<0>, C4<0>;
L_01fb9220 .functor OR 1, L_01fec728, L_01fec5c8, C4<0>, C4<0>;
L_01fb95c8 .functor OR 1, L_01fec888, L_01fec2b0, C4<0>, C4<0>;
L_01fb9658 .functor OR 1, L_01fec468, L_01fec780, C4<0>, C4<0>;
L_01fb9610 .functor OR 1, L_01fec308, L_01fec360, C4<0>, C4<0>;
L_01fb9070 .functor OR 1, L_01fec620, L_01fec3b8, C4<0>, C4<0>;
L_01fb8f50 .functor OR 1, L_01fec1a8, L_01fecb48, C4<0>, C4<0>;
L_01fb9340 .functor OR 1, L_01feca98, L_01fec8e0, C4<0>, C4<0>;
L_01fb9268 .functor OR 1, L_01fecaf0, L_01fec830, C4<0>, C4<0>;
L_01fb92b0 .functor OR 1, L_01fec938, L_01fec410, C4<0>, C4<0>;
v01fab878_0 .net *"_s0", 0 0, L_01fbab70;  1 drivers
v01faba30_0 .net *"_s101", 0 0, L_01feb700;  1 drivers
v01fabbe8_0 .net *"_s102", 0 0, L_01fb9580;  1 drivers
v01fabc98_0 .net *"_s105", 0 0, L_01febd30;  1 drivers
v01faba88_0 .net *"_s107", 0 0, L_01fec0a0;  1 drivers
v01fabcf0_0 .net *"_s108", 0 0, L_01fb9148;  1 drivers
v01fab6c0_0 .net *"_s11", 0 0, L_01feb1d8;  1 drivers
v01fabda0_0 .net *"_s111", 0 0, L_01feba18;  1 drivers
v01fabc40_0 .net *"_s113", 0 0, L_01febb78;  1 drivers
v01fabdf8_0 .net *"_s114", 0 0, L_01fb97c0;  1 drivers
v01fab820_0 .net *"_s117", 0 0, L_01feb808;  1 drivers
v01fac008_0 .net *"_s119", 0 0, L_01febb20;  1 drivers
v01fab9d8_0 .net *"_s12", 0 0, L_01fbadb0;  1 drivers
v01fabae0_0 .net *"_s120", 0 0, L_01fb90b8;  1 drivers
v01fabe50_0 .net *"_s123", 0 0, L_01febac8;  1 drivers
v01fab8d0_0 .net *"_s125", 0 0, L_01febbd0;  1 drivers
v01fab718_0 .net *"_s126", 0 0, L_01fb8f08;  1 drivers
v01fabb38_0 .net *"_s129", 0 0, L_01febde0;  1 drivers
v01fabb90_0 .net *"_s131", 0 0, L_01febc28;  1 drivers
v01fac130_0 .net *"_s132", 0 0, L_01fb9538;  1 drivers
v01fac0d8_0 .net *"_s135", 0 0, L_01febc80;  1 drivers
v01fac810_0 .net *"_s137", 0 0, L_01fec9e8;  1 drivers
v01fac658_0 .net *"_s138", 0 0, L_01fb9220;  1 drivers
v01fac868_0 .net *"_s141", 0 0, L_01fec728;  1 drivers
v01fac4f8_0 .net *"_s143", 0 0, L_01fec5c8;  1 drivers
v01facb80_0 .net *"_s144", 0 0, L_01fb95c8;  1 drivers
v01fac188_0 .net *"_s147", 0 0, L_01fec888;  1 drivers
v01fac9c8_0 .net *"_s149", 0 0, L_01fec2b0;  1 drivers
v01fac4a0_0 .net *"_s15", 0 0, L_01feb230;  1 drivers
v01fac8c0_0 .net *"_s150", 0 0, L_01fb9658;  1 drivers
v01facb28_0 .net *"_s153", 0 0, L_01fec468;  1 drivers
v01fac7b8_0 .net *"_s155", 0 0, L_01fec780;  1 drivers
v01fac708_0 .net *"_s156", 0 0, L_01fb9610;  1 drivers
v01fac760_0 .net *"_s159", 0 0, L_01fec308;  1 drivers
v01fac1e0_0 .net *"_s161", 0 0, L_01fec360;  1 drivers
v01fac600_0 .net *"_s162", 0 0, L_01fb9070;  1 drivers
v01fac918_0 .net *"_s165", 0 0, L_01fec620;  1 drivers
v01fac290_0 .net *"_s167", 0 0, L_01fec3b8;  1 drivers
v01fac2e8_0 .net *"_s168", 0 0, L_01fb8f50;  1 drivers
v01fac550_0 .net *"_s17", 0 0, L_01feb5a0;  1 drivers
v01fac340_0 .net *"_s171", 0 0, L_01fec1a8;  1 drivers
v01fac5a8_0 .net *"_s173", 0 0, L_01fecb48;  1 drivers
v01fac6b0_0 .net *"_s174", 0 0, L_01fb9340;  1 drivers
v01fac970_0 .net *"_s177", 0 0, L_01feca98;  1 drivers
v01faca20_0 .net *"_s179", 0 0, L_01fec8e0;  1 drivers
v01fac238_0 .net *"_s18", 0 0, L_01fbac90;  1 drivers
v01faca78_0 .net *"_s180", 0 0, L_01fb9268;  1 drivers
v01facad0_0 .net *"_s183", 0 0, L_01fecaf0;  1 drivers
v01fac398_0 .net *"_s185", 0 0, L_01fec830;  1 drivers
v01fac3f0_0 .net *"_s186", 0 0, L_01fb92b0;  1 drivers
v01fac448_0 .net *"_s190", 0 0, L_01fec938;  1 drivers
v01fad1b0_0 .net *"_s192", 0 0, L_01fec410;  1 drivers
v01fad418_0 .net *"_s21", 0 0, L_01feae68;  1 drivers
v01facde8_0 .net *"_s23", 0 0, L_01feb078;  1 drivers
v01facff8_0 .net *"_s24", 0 0, L_01fbaa98;  1 drivers
v01fad680_0 .net *"_s27", 0 0, L_01feb128;  1 drivers
v01facef0_0 .net *"_s29", 0 0, L_01feb548;  1 drivers
v01facf48_0 .net *"_s3", 0 0, L_01feb440;  1 drivers
v01facbd8_0 .net *"_s30", 0 0, L_01fbadf8;  1 drivers
v01fad260_0 .net *"_s33", 0 0, L_01feaec0;  1 drivers
v01facd38_0 .net *"_s35", 0 0, L_01feaf18;  1 drivers
v01facd90_0 .net *"_s36", 0 0, L_01fbab28;  1 drivers
v01face40_0 .net *"_s39", 0 0, L_01feaf70;  1 drivers
v01fad158_0 .net *"_s41", 0 0, L_01feb650;  1 drivers
v01fad2b8_0 .net *"_s42", 0 0, L_01fbae40;  1 drivers
v01face98_0 .net *"_s45", 0 0, L_01feb758;  1 drivers
v01facc88_0 .net *"_s47", 0 0, L_01febf40;  1 drivers
v01facce0_0 .net *"_s48", 0 0, L_01fbac00;  1 drivers
v01fad3c0_0 .net *"_s5", 0 0, L_01feb5f8;  1 drivers
v01fad520_0 .net *"_s51", 0 0, L_01feb9c0;  1 drivers
v01fad5d0_0 .net *"_s53", 0 0, L_01febe38;  1 drivers
v01fad578_0 .net *"_s54", 0 0, L_01fbaa08;  1 drivers
v01facc30_0 .net *"_s57", 0 0, L_01fec0f8;  1 drivers
v01fad628_0 .net *"_s59", 0 0, L_01feb860;  1 drivers
v01facfa0_0 .net *"_s6", 0 0, L_01fbabb8;  1 drivers
v01fad310_0 .net *"_s60", 0 0, L_01fbaae0;  1 drivers
v01fad470_0 .net *"_s63", 0 0, L_01febe90;  1 drivers
v01fad050_0 .net *"_s65", 0 0, L_01feba70;  1 drivers
v01fad0a8_0 .net *"_s66", 0 0, L_01fb91d8;  1 drivers
v01fad368_0 .net *"_s69", 0 0, L_01febcd8;  1 drivers
v01fad4c8_0 .net *"_s71", 0 0, L_01febf98;  1 drivers
v01fad100_0 .net *"_s72", 0 0, L_01fb9028;  1 drivers
v01fad208_0 .net *"_s75", 0 0, L_01feb910;  1 drivers
v01fada48_0 .net *"_s77", 0 0, L_01feb8b8;  1 drivers
v01fadaf8_0 .net *"_s78", 0 0, L_01fb94f0;  1 drivers
v01fad788_0 .net *"_s81", 0 0, L_01febee8;  1 drivers
v01fae020_0 .net *"_s83", 0 0, L_01feb968;  1 drivers
v01fadb50_0 .net *"_s84", 0 0, L_01fb92f8;  1 drivers
v01fad7e0_0 .net *"_s87", 0 0, L_01feb6a8;  1 drivers
v01fade10_0 .net *"_s89", 0 0, L_01febff0;  1 drivers
v01fad6d8_0 .net *"_s9", 0 0, L_01feb4f0;  1 drivers
v01fade68_0 .net *"_s90", 0 0, L_01fb9730;  1 drivers
v01fadcb0_0 .net *"_s93", 0 0, L_01feb7b0;  1 drivers
v01fad838_0 .net *"_s95", 0 0, L_01febd88;  1 drivers
v01fadd08_0 .net *"_s96", 0 0, L_01fb9778;  1 drivers
v01fad890_0 .net *"_s99", 0 0, L_01fec048;  1 drivers
v01fad8e8_0 .net "in1", 31 0, v01fb09d0_0;  alias, 1 drivers
v01fadba8_0 .net "in2", 31 0, v01fb03f8_0;  alias, 1 drivers
v01faddb8_0 .net "out", 31 0, L_01feca40;  alias, 1 drivers
L_01feb440 .part v01fb09d0_0, 0, 1;
L_01feb5f8 .part v01fb03f8_0, 0, 1;
L_01feb4f0 .part v01fb09d0_0, 1, 1;
L_01feb1d8 .part v01fb03f8_0, 1, 1;
L_01feb230 .part v01fb09d0_0, 2, 1;
L_01feb5a0 .part v01fb03f8_0, 2, 1;
L_01feae68 .part v01fb09d0_0, 3, 1;
L_01feb078 .part v01fb03f8_0, 3, 1;
L_01feb128 .part v01fb09d0_0, 4, 1;
L_01feb548 .part v01fb03f8_0, 4, 1;
L_01feaec0 .part v01fb09d0_0, 5, 1;
L_01feaf18 .part v01fb03f8_0, 5, 1;
L_01feaf70 .part v01fb09d0_0, 6, 1;
L_01feb650 .part v01fb03f8_0, 6, 1;
L_01feb758 .part v01fb09d0_0, 7, 1;
L_01febf40 .part v01fb03f8_0, 7, 1;
L_01feb9c0 .part v01fb09d0_0, 8, 1;
L_01febe38 .part v01fb03f8_0, 8, 1;
L_01fec0f8 .part v01fb09d0_0, 9, 1;
L_01feb860 .part v01fb03f8_0, 9, 1;
L_01febe90 .part v01fb09d0_0, 10, 1;
L_01feba70 .part v01fb03f8_0, 10, 1;
L_01febcd8 .part v01fb09d0_0, 11, 1;
L_01febf98 .part v01fb03f8_0, 11, 1;
L_01feb910 .part v01fb09d0_0, 12, 1;
L_01feb8b8 .part v01fb03f8_0, 12, 1;
L_01febee8 .part v01fb09d0_0, 13, 1;
L_01feb968 .part v01fb03f8_0, 13, 1;
L_01feb6a8 .part v01fb09d0_0, 14, 1;
L_01febff0 .part v01fb03f8_0, 14, 1;
L_01feb7b0 .part v01fb09d0_0, 15, 1;
L_01febd88 .part v01fb03f8_0, 15, 1;
L_01fec048 .part v01fb09d0_0, 16, 1;
L_01feb700 .part v01fb03f8_0, 16, 1;
L_01febd30 .part v01fb09d0_0, 17, 1;
L_01fec0a0 .part v01fb03f8_0, 17, 1;
L_01feba18 .part v01fb09d0_0, 18, 1;
L_01febb78 .part v01fb03f8_0, 18, 1;
L_01feb808 .part v01fb09d0_0, 19, 1;
L_01febb20 .part v01fb03f8_0, 19, 1;
L_01febac8 .part v01fb09d0_0, 20, 1;
L_01febbd0 .part v01fb03f8_0, 20, 1;
L_01febde0 .part v01fb09d0_0, 21, 1;
L_01febc28 .part v01fb03f8_0, 21, 1;
L_01febc80 .part v01fb09d0_0, 22, 1;
L_01fec9e8 .part v01fb03f8_0, 22, 1;
L_01fec728 .part v01fb09d0_0, 23, 1;
L_01fec5c8 .part v01fb03f8_0, 23, 1;
L_01fec888 .part v01fb09d0_0, 24, 1;
L_01fec2b0 .part v01fb03f8_0, 24, 1;
L_01fec468 .part v01fb09d0_0, 25, 1;
L_01fec780 .part v01fb03f8_0, 25, 1;
L_01fec308 .part v01fb09d0_0, 26, 1;
L_01fec360 .part v01fb03f8_0, 26, 1;
L_01fec620 .part v01fb09d0_0, 27, 1;
L_01fec3b8 .part v01fb03f8_0, 27, 1;
L_01fec1a8 .part v01fb09d0_0, 28, 1;
L_01fecb48 .part v01fb03f8_0, 28, 1;
L_01feca98 .part v01fb09d0_0, 29, 1;
L_01fec8e0 .part v01fb03f8_0, 29, 1;
L_01fecaf0 .part v01fb09d0_0, 30, 1;
L_01fec830 .part v01fb03f8_0, 30, 1;
LS_01feca40_0_0 .concat8 [ 1 1 1 1], L_01fbab70, L_01fbabb8, L_01fbadb0, L_01fbac90;
LS_01feca40_0_4 .concat8 [ 1 1 1 1], L_01fbaa98, L_01fbadf8, L_01fbab28, L_01fbae40;
LS_01feca40_0_8 .concat8 [ 1 1 1 1], L_01fbac00, L_01fbaa08, L_01fbaae0, L_01fb91d8;
LS_01feca40_0_12 .concat8 [ 1 1 1 1], L_01fb9028, L_01fb94f0, L_01fb92f8, L_01fb9730;
LS_01feca40_0_16 .concat8 [ 1 1 1 1], L_01fb9778, L_01fb9580, L_01fb9148, L_01fb97c0;
LS_01feca40_0_20 .concat8 [ 1 1 1 1], L_01fb90b8, L_01fb8f08, L_01fb9538, L_01fb9220;
LS_01feca40_0_24 .concat8 [ 1 1 1 1], L_01fb95c8, L_01fb9658, L_01fb9610, L_01fb9070;
LS_01feca40_0_28 .concat8 [ 1 1 1 1], L_01fb8f50, L_01fb9340, L_01fb9268, L_01fb92b0;
LS_01feca40_1_0 .concat8 [ 4 4 4 4], LS_01feca40_0_0, LS_01feca40_0_4, LS_01feca40_0_8, LS_01feca40_0_12;
LS_01feca40_1_4 .concat8 [ 4 4 4 4], LS_01feca40_0_16, LS_01feca40_0_20, LS_01feca40_0_24, LS_01feca40_0_28;
L_01feca40 .concat8 [ 16 16 0 0], LS_01feca40_1_0, LS_01feca40_1_4;
L_01fec938 .part v01fb09d0_0, 31, 1;
L_01fec410 .part v01fb03f8_0, 31, 1;
S_01fa7360 .scope module, "prod" "AND" 9 14, 11 1 0, S_01ef5180;
 .timescale 0 0;
    .port_info 0 /INPUT 32 "in1"
    .port_info 1 /INPUT 32 "in2"
    .port_info 2 /OUTPUT 32 "out"
L_01fba228 .functor AND 1, L_01fb24a0, L_01fb2448, C4<1>, C4<1>;
L_01fba738 .functor AND 1, L_01fb2a20, L_01fb2600, C4<1>, C4<1>;
L_01fba540 .functor AND 1, L_01fb2238, L_01fb21e0, C4<1>, C4<1>;
L_01fba780 .functor AND 1, L_01fb2918, L_01fb2810, C4<1>, C4<1>;
L_01fba9c0 .functor AND 1, L_01fb2ad0, L_01fb28c0, C4<1>, C4<1>;
L_01fba7c8 .functor AND 1, L_01fb2a78, L_01fb2b80, C4<1>, C4<1>;
L_01fba660 .functor AND 1, L_01fb2bd8, L_01fb2290, C4<1>, C4<1>;
L_01fba810 .functor AND 1, L_01fb3520, L_01fb2ef0, C4<1>, C4<1>;
L_01fba588 .functor AND 1, L_01fb30a8, L_01fb2ce0, C4<1>, C4<1>;
L_01fba8a0 .functor AND 1, L_01fb2de8, L_01fb3418, C4<1>, C4<1>;
L_01fba390 .functor AND 1, L_01fb3578, L_01fb3100, C4<1>, C4<1>;
L_01fba2b8 .functor AND 1, L_01fb3158, L_01fb3470, C4<1>, C4<1>;
L_01fba300 .functor AND 1, L_01fb35d0, L_01fb3310, C4<1>, C4<1>;
L_01fba348 .functor AND 1, L_01fb34c8, L_01fb36d8, C4<1>, C4<1>;
L_01fba3d8 .functor AND 1, L_01fb2e40, L_01fb3260, C4<1>, C4<1>;
L_01fba198 .functor AND 1, L_01fb3788, L_01fb3368, C4<1>, C4<1>;
L_01fba1e0 .functor AND 1, L_01fb3730, L_01fb2fa0, C4<1>, C4<1>;
L_01fba8e8 .functor AND 1, L_01fb3680, L_01fb2e98, C4<1>, C4<1>;
L_01fba150 .functor AND 1, L_01fb2f48, L_01fb2d38, C4<1>, C4<1>;
L_01fba420 .functor AND 1, L_01fb3628, L_01fb3050, C4<1>, C4<1>;
L_01fba270 .functor AND 1, L_01fb31b0, L_01fb2d90, C4<1>, C4<1>;
L_01fba468 .functor AND 1, L_01fb32b8, L_01fb3208, C4<1>, C4<1>;
L_01fba4b0 .functor AND 1, L_01fb2ff8, L_01fb33c0, C4<1>, C4<1>;
L_01fba5d0 .functor AND 1, L_01feafc8, L_01feacb0, C4<1>, C4<1>;
L_01fba618 .functor AND 1, L_01feb020, L_01fead08, C4<1>, C4<1>;
L_01fba6a8 .functor AND 1, L_01feb338, L_01feab50, C4<1>, C4<1>;
L_01fbacd8 .functor AND 1, L_01feaba8, L_01feac00, C4<1>, C4<1>;
L_01fbac48 .functor AND 1, L_01feb2e0, L_01feac58, C4<1>, C4<1>;
L_01fbad20 .functor AND 1, L_01feb288, L_01fead60, C4<1>, C4<1>;
L_01fbae88 .functor AND 1, L_01feb3e8, L_01feadb8, C4<1>, C4<1>;
L_01fbad68 .functor AND 1, L_01feb498, L_01feb0d0, C4<1>, C4<1>;
L_01fbaa50 .functor AND 1, L_01feae10, L_01feb390, C4<1>, C4<1>;
v01fadd60_0 .net *"_s0", 0 0, L_01fba228;  1 drivers
v01fadec0_0 .net *"_s101", 0 0, L_01fb2fa0;  1 drivers
v01fad730_0 .net *"_s102", 0 0, L_01fba8e8;  1 drivers
v01fadc58_0 .net *"_s105", 0 0, L_01fb3680;  1 drivers
v01fadc00_0 .net *"_s107", 0 0, L_01fb2e98;  1 drivers
v01fad998_0 .net *"_s108", 0 0, L_01fba150;  1 drivers
v01fad940_0 .net *"_s11", 0 0, L_01fb2600;  1 drivers
v01fadf18_0 .net *"_s111", 0 0, L_01fb2f48;  1 drivers
v01fae0d0_0 .net *"_s113", 0 0, L_01fb2d38;  1 drivers
v01fadfc8_0 .net *"_s114", 0 0, L_01fba420;  1 drivers
v01fadaa0_0 .net *"_s117", 0 0, L_01fb3628;  1 drivers
v01fadf70_0 .net *"_s119", 0 0, L_01fb3050;  1 drivers
v01fae128_0 .net *"_s12", 0 0, L_01fba540;  1 drivers
v01fae078_0 .net *"_s120", 0 0, L_01fba270;  1 drivers
v01fae180_0 .net *"_s123", 0 0, L_01fb31b0;  1 drivers
v01fad9f0_0 .net *"_s125", 0 0, L_01fb2d90;  1 drivers
v01fae1d8_0 .net *"_s126", 0 0, L_01fba468;  1 drivers
v01faeb78_0 .net *"_s129", 0 0, L_01fb32b8;  1 drivers
v01fae910_0 .net *"_s131", 0 0, L_01fb3208;  1 drivers
v01fae9c0_0 .net *"_s132", 0 0, L_01fba4b0;  1 drivers
v01faea18_0 .net *"_s135", 0 0, L_01fb2ff8;  1 drivers
v01fae5a0_0 .net *"_s137", 0 0, L_01fb33c0;  1 drivers
v01fae5f8_0 .net *"_s138", 0 0, L_01fba5d0;  1 drivers
v01fae548_0 .net *"_s141", 0 0, L_01feafc8;  1 drivers
v01fae230_0 .net *"_s143", 0 0, L_01feacb0;  1 drivers
v01fae288_0 .net *"_s144", 0 0, L_01fba618;  1 drivers
v01fae860_0 .net *"_s147", 0 0, L_01feb020;  1 drivers
v01fae2e0_0 .net *"_s149", 0 0, L_01fead08;  1 drivers
v01fae6a8_0 .net *"_s15", 0 0, L_01fb2238;  1 drivers
v01fae968_0 .net *"_s150", 0 0, L_01fba6a8;  1 drivers
v01faea70_0 .net *"_s153", 0 0, L_01feb338;  1 drivers
v01faec80_0 .net *"_s155", 0 0, L_01feab50;  1 drivers
v01fae650_0 .net *"_s156", 0 0, L_01fbacd8;  1 drivers
v01fae700_0 .net *"_s159", 0 0, L_01feaba8;  1 drivers
v01faeac8_0 .net *"_s161", 0 0, L_01feac00;  1 drivers
v01fae808_0 .net *"_s162", 0 0, L_01fbac48;  1 drivers
v01fae4f0_0 .net *"_s165", 0 0, L_01feb2e0;  1 drivers
v01fae3e8_0 .net *"_s167", 0 0, L_01feac58;  1 drivers
v01fae390_0 .net *"_s168", 0 0, L_01fbad20;  1 drivers
v01fae338_0 .net *"_s17", 0 0, L_01fb21e0;  1 drivers
v01faebd0_0 .net *"_s171", 0 0, L_01feb288;  1 drivers
v01fae440_0 .net *"_s173", 0 0, L_01fead60;  1 drivers
v01fae498_0 .net *"_s174", 0 0, L_01fbae88;  1 drivers
v01fae758_0 .net *"_s177", 0 0, L_01feb3e8;  1 drivers
v01fae7b0_0 .net *"_s179", 0 0, L_01feadb8;  1 drivers
v01fae8b8_0 .net *"_s18", 0 0, L_01fba780;  1 drivers
v01faeb20_0 .net *"_s180", 0 0, L_01fbad68;  1 drivers
v01faec28_0 .net *"_s183", 0 0, L_01feb498;  1 drivers
v01faf360_0 .net *"_s185", 0 0, L_01feb0d0;  1 drivers
v01faf200_0 .net *"_s186", 0 0, L_01fbaa50;  1 drivers
v01faf2b0_0 .net *"_s190", 0 0, L_01feae10;  1 drivers
v01faede0_0 .net *"_s192", 0 0, L_01feb390;  1 drivers
v01faef98_0 .net *"_s21", 0 0, L_01fb2918;  1 drivers
v01faf468_0 .net *"_s23", 0 0, L_01fb2810;  1 drivers
v01faf0a0_0 .net *"_s24", 0 0, L_01fba9c0;  1 drivers
v01faecd8_0 .net *"_s27", 0 0, L_01fb2ad0;  1 drivers
v01faf678_0 .net *"_s29", 0 0, L_01fb28c0;  1 drivers
v01faf4c0_0 .net *"_s3", 0 0, L_01fb24a0;  1 drivers
v01faee38_0 .net *"_s30", 0 0, L_01fba7c8;  1 drivers
v01faf5c8_0 .net *"_s33", 0 0, L_01fb2a78;  1 drivers
v01faee90_0 .net *"_s35", 0 0, L_01fb2b80;  1 drivers
v01faf0f8_0 .net *"_s36", 0 0, L_01fba660;  1 drivers
v01faf048_0 .net *"_s39", 0 0, L_01fb2bd8;  1 drivers
v01faf518_0 .net *"_s41", 0 0, L_01fb2290;  1 drivers
v01faeff0_0 .net *"_s42", 0 0, L_01fba810;  1 drivers
v01faf620_0 .net *"_s45", 0 0, L_01fb3520;  1 drivers
v01faef40_0 .net *"_s47", 0 0, L_01fb2ef0;  1 drivers
v01faf308_0 .net *"_s48", 0 0, L_01fba588;  1 drivers
v01faf3b8_0 .net *"_s5", 0 0, L_01fb2448;  1 drivers
v01faf258_0 .net *"_s51", 0 0, L_01fb30a8;  1 drivers
v01faf570_0 .net *"_s53", 0 0, L_01fb2ce0;  1 drivers
v01faf150_0 .net *"_s54", 0 0, L_01fba8a0;  1 drivers
v01faf1a8_0 .net *"_s57", 0 0, L_01fb2de8;  1 drivers
v01faf410_0 .net *"_s59", 0 0, L_01fb3418;  1 drivers
v01faf6d0_0 .net *"_s6", 0 0, L_01fba738;  1 drivers
v01faf728_0 .net *"_s60", 0 0, L_01fba390;  1 drivers
v01faeee8_0 .net *"_s63", 0 0, L_01fb3578;  1 drivers
v01faf780_0 .net *"_s65", 0 0, L_01fb3100;  1 drivers
v01faed30_0 .net *"_s66", 0 0, L_01fba2b8;  1 drivers
v01faed88_0 .net *"_s69", 0 0, L_01fb3158;  1 drivers
v01fafd58_0 .net *"_s71", 0 0, L_01fb3470;  1 drivers
v01faf990_0 .net *"_s72", 0 0, L_01fba300;  1 drivers
v01fafe08_0 .net *"_s75", 0 0, L_01fb35d0;  1 drivers
v01fafa40_0 .net *"_s77", 0 0, L_01fb3310;  1 drivers
v01fafba0_0 .net *"_s78", 0 0, L_01fba348;  1 drivers
v01fafeb8_0 .net *"_s81", 0 0, L_01fb34c8;  1 drivers
v01faf7d8_0 .net *"_s83", 0 0, L_01fb36d8;  1 drivers
v01faf830_0 .net *"_s84", 0 0, L_01fba3d8;  1 drivers
v01fafe60_0 .net *"_s87", 0 0, L_01fb2e40;  1 drivers
v01fafd00_0 .net *"_s89", 0 0, L_01fb3260;  1 drivers
v01faff10_0 .net *"_s9", 0 0, L_01fb2a20;  1 drivers
v01fafbf8_0 .net *"_s90", 0 0, L_01fba198;  1 drivers
v01faf888_0 .net *"_s93", 0 0, L_01fb3788;  1 drivers
v01faf8e0_0 .net *"_s95", 0 0, L_01fb3368;  1 drivers
v01fb0018_0 .net *"_s96", 0 0, L_01fba1e0;  1 drivers
v01fafc50_0 .net *"_s99", 0 0, L_01fb3730;  1 drivers
v01faff68_0 .net "in1", 31 0, v01fb09d0_0;  alias, 1 drivers
v01fafa98_0 .net "in2", 31 0, v01fb03f8_0;  alias, 1 drivers
v01fafca8_0 .net "out", 31 0, L_01feb180;  alias, 1 drivers
L_01fb24a0 .part v01fb09d0_0, 0, 1;
L_01fb2448 .part v01fb03f8_0, 0, 1;
L_01fb2a20 .part v01fb09d0_0, 1, 1;
L_01fb2600 .part v01fb03f8_0, 1, 1;
L_01fb2238 .part v01fb09d0_0, 2, 1;
L_01fb21e0 .part v01fb03f8_0, 2, 1;
L_01fb2918 .part v01fb09d0_0, 3, 1;
L_01fb2810 .part v01fb03f8_0, 3, 1;
L_01fb2ad0 .part v01fb09d0_0, 4, 1;
L_01fb28c0 .part v01fb03f8_0, 4, 1;
L_01fb2a78 .part v01fb09d0_0, 5, 1;
L_01fb2b80 .part v01fb03f8_0, 5, 1;
L_01fb2bd8 .part v01fb09d0_0, 6, 1;
L_01fb2290 .part v01fb03f8_0, 6, 1;
L_01fb3520 .part v01fb09d0_0, 7, 1;
L_01fb2ef0 .part v01fb03f8_0, 7, 1;
L_01fb30a8 .part v01fb09d0_0, 8, 1;
L_01fb2ce0 .part v01fb03f8_0, 8, 1;
L_01fb2de8 .part v01fb09d0_0, 9, 1;
L_01fb3418 .part v01fb03f8_0, 9, 1;
L_01fb3578 .part v01fb09d0_0, 10, 1;
L_01fb3100 .part v01fb03f8_0, 10, 1;
L_01fb3158 .part v01fb09d0_0, 11, 1;
L_01fb3470 .part v01fb03f8_0, 11, 1;
L_01fb35d0 .part v01fb09d0_0, 12, 1;
L_01fb3310 .part v01fb03f8_0, 12, 1;
L_01fb34c8 .part v01fb09d0_0, 13, 1;
L_01fb36d8 .part v01fb03f8_0, 13, 1;
L_01fb2e40 .part v01fb09d0_0, 14, 1;
L_01fb3260 .part v01fb03f8_0, 14, 1;
L_01fb3788 .part v01fb09d0_0, 15, 1;
L_01fb3368 .part v01fb03f8_0, 15, 1;
L_01fb3730 .part v01fb09d0_0, 16, 1;
L_01fb2fa0 .part v01fb03f8_0, 16, 1;
L_01fb3680 .part v01fb09d0_0, 17, 1;
L_01fb2e98 .part v01fb03f8_0, 17, 1;
L_01fb2f48 .part v01fb09d0_0, 18, 1;
L_01fb2d38 .part v01fb03f8_0, 18, 1;
L_01fb3628 .part v01fb09d0_0, 19, 1;
L_01fb3050 .part v01fb03f8_0, 19, 1;
L_01fb31b0 .part v01fb09d0_0, 20, 1;
L_01fb2d90 .part v01fb03f8_0, 20, 1;
L_01fb32b8 .part v01fb09d0_0, 21, 1;
L_01fb3208 .part v01fb03f8_0, 21, 1;
L_01fb2ff8 .part v01fb09d0_0, 22, 1;
L_01fb33c0 .part v01fb03f8_0, 22, 1;
L_01feafc8 .part v01fb09d0_0, 23, 1;
L_01feacb0 .part v01fb03f8_0, 23, 1;
L_01feb020 .part v01fb09d0_0, 24, 1;
L_01fead08 .part v01fb03f8_0, 24, 1;
L_01feb338 .part v01fb09d0_0, 25, 1;
L_01feab50 .part v01fb03f8_0, 25, 1;
L_01feaba8 .part v01fb09d0_0, 26, 1;
L_01feac00 .part v01fb03f8_0, 26, 1;
L_01feb2e0 .part v01fb09d0_0, 27, 1;
L_01feac58 .part v01fb03f8_0, 27, 1;
L_01feb288 .part v01fb09d0_0, 28, 1;
L_01fead60 .part v01fb03f8_0, 28, 1;
L_01feb3e8 .part v01fb09d0_0, 29, 1;
L_01feadb8 .part v01fb03f8_0, 29, 1;
L_01feb498 .part v01fb09d0_0, 30, 1;
L_01feb0d0 .part v01fb03f8_0, 30, 1;
LS_01feb180_0_0 .concat8 [ 1 1 1 1], L_01fba228, L_01fba738, L_01fba540, L_01fba780;
LS_01feb180_0_4 .concat8 [ 1 1 1 1], L_01fba9c0, L_01fba7c8, L_01fba660, L_01fba810;
LS_01feb180_0_8 .concat8 [ 1 1 1 1], L_01fba588, L_01fba8a0, L_01fba390, L_01fba2b8;
LS_01feb180_0_12 .concat8 [ 1 1 1 1], L_01fba300, L_01fba348, L_01fba3d8, L_01fba198;
LS_01feb180_0_16 .concat8 [ 1 1 1 1], L_01fba1e0, L_01fba8e8, L_01fba150, L_01fba420;
LS_01feb180_0_20 .concat8 [ 1 1 1 1], L_01fba270, L_01fba468, L_01fba4b0, L_01fba5d0;
LS_01feb180_0_24 .concat8 [ 1 1 1 1], L_01fba618, L_01fba6a8, L_01fbacd8, L_01fbac48;
LS_01feb180_0_28 .concat8 [ 1 1 1 1], L_01fbad20, L_01fbae88, L_01fbad68, L_01fbaa50;
LS_01feb180_1_0 .concat8 [ 4 4 4 4], LS_01feb180_0_0, LS_01feb180_0_4, LS_01feb180_0_8, LS_01feb180_0_12;
LS_01feb180_1_4 .concat8 [ 4 4 4 4], LS_01feb180_0_16, LS_01feb180_0_20, LS_01feb180_0_24, LS_01feb180_0_28;
L_01feb180 .concat8 [ 16 16 0 0], LS_01feb180_1_0, LS_01feb180_1_4;
L_01feae10 .part v01fb09d0_0, 31, 1;
L_01feb390 .part v01fb03f8_0, 31, 1;
S_01fa7430 .scope module, "alpc" "PC_ALU" 2 29, 12 19 0, S_01f688a8;
 .timescale 0 0;
    .port_info 0 /OUTPUT 32 "newpc"
    .port_info 1 /INPUT 32 "pc"
    .port_info 2 /INPUT 32 "extendaddr"
    .port_info 3 /INPUT 1 "chksignal"
v01fb39f0_0 .net *"_s0", 31 0, L_01fec518;  1 drivers
L_01fbc4b0 .functor BUFT 1, C4<00000000000000000000000000000001>, C4<0>, C4<0>, C4<0>;
v01fb3cb0_0 .net/2u *"_s2", 31 0, L_01fbc4b0;  1 drivers
v01fb3db8_0 .net *"_s4", 31 0, L_01fec150;  1 drivers
v01fb37e0_0 .net "chksignal", 0 0, v01fb3f18_0;  1 drivers
v01fb3aa0_0 .net "extendaddr", 31 0, L_01fec200;  alias, 1 drivers
v01fb3d08_0 .net "newpc", 31 0, L_01fec258;  alias, 1 drivers
v01fb3e10_0 .net "pc", 31 0, v01fb3e68_0;  alias, 1 drivers
L_01fec518 .arith/sum 32, v01fb3e68_0, L_01fec200;
L_01fec150 .arith/sum 32, v01fb3e68_0, L_01fbc4b0;
L_01fec258 .functor MUXZ 32, L_01fec150, L_01fec518, v01fb3f18_0, C4<>;
S_01fa60b0 .scope module, "pc1" "PC" 2 15, 12 1 0, S_01f688a8;
 .timescale 0 0;
    .port_info 0 /OUTPUT 32 "pc"
    .port_info 1 /INPUT 32 "in"
    .port_info 2 /INPUT 1 "clk"
v01fb3940_0 .net "clk", 0 0, v01f62278_0;  alias, 1 drivers
v01fb3a48_0 .net "in", 31 0, v01fb01e8_0;  1 drivers
v01fb3e68_0 .var "pc", 31 0;
    .scope S_01ef6a78;
T_0 ;
    %pushi/vec4 0, 0, 1;
    %store/vec4 v01f62278_0, 0, 1;
    %end;
    .thread T_0;
    .scope S_01ef6a78;
T_1 ;
    %load/vec4 v01f62278_0;
    %inv;
    %store/vec4 v01f626f0_0, 0, 1;
    %pushi/vec4 1, 0, 64;
    %ix/vec4 4;
    %delayx 4;
    %load/vec4 v01f626f0_0;
    %store/vec4 v01f62278_0, 0, 1;
    %jmp T_1;
    .thread T_1;
    .scope S_01fa60b0;
T_2 ;
    %pushi/vec4 0, 0, 32;
    %store/vec4 v01fb3e68_0, 0, 32;
    %end;
    .thread T_2;
    .scope S_01fa60b0;
T_3 ;
    %wait E_01f67ad8;
    %load/vec4 v01fb3a48_0;
    %store/vec4 v01fb3e68_0, 0, 32;
    %jmp T_3;
    .thread T_3;
    .scope S_01ec93e0;
T_4 ;
    %pushi/vec4 2349268995, 0, 32;
    %ix/load 4, 0, 0;
    %flag_set/imm 4, 0;
    %store/vec4a v01f61d50, 4, 0;
    %pushi/vec4 2349006857, 0, 32;
    %ix/load 4, 1, 0;
    %flag_set/imm 4, 0;
    %store/vec4a v01f61d50, 4, 0;
    %pushi/vec4 2349203462, 0, 32;
    %ix/load 4, 2, 0;
    %flag_set/imm 4, 0;
    %store/vec4a v01f61d50, 4, 0;
    %pushi/vec4 6760482, 0, 32;
    %ix/load 4, 3, 0;
    %flag_set/imm 4, 0;
    %store/vec4a v01f61d50, 4, 0;
    %pushi/vec4 279379968, 0, 32;
    %ix/load 4, 4, 0;
    %flag_set/imm 4, 0;
    %store/vec4a v01f61d50, 4, 0;
    %pushi/vec4 17387556, 0, 32;
    %ix/load 4, 5, 0;
    %flag_set/imm 4, 0;
    %store/vec4a v01f61d50, 4, 0;
    %pushi/vec4 2348941312, 0, 32;
    %ix/load 4, 6, 0;
    %flag_set/imm 4, 0;
    %store/vec4a v01f61d50, 4, 0;
    %end;
    .thread T_4;
    .scope S_01ec93e0;
T_5 ;
    %wait E_01f67ab0;
    %ix/getv 4, v01f61cf8_0;
    %load/vec4a v01f61d50, 4;
    %store/vec4 v01f61828_0, 0, 32;
    %jmp T_5;
    .thread T_5;
    .scope S_00354c00;
T_6 ;
    %wait E_01f67b00;
    %load/vec4 v01f62118_0;
    %parti/s 6, 26, 6;
    %cmpi/e 0, 0, 6;
    %jmp/0xz  T_6.0, 4;
    %load/vec4 v01f62118_0;
    %parti/s 5, 21, 6;
    %store/vec4 v01f43600_0, 0, 5;
    %load/vec4 v01f62118_0;
    %parti/s 5, 16, 6;
    %store/vec4 v01f8e648_0, 0, 5;
    %load/vec4 v01f62118_0;
    %parti/s 5, 11, 5;
    %store/vec4 v01f621c8_0, 0, 5;
    %load/vec4 v01f62118_0;
    %parti/s 6, 0, 2;
    %store/vec4 v01f61e58_0, 0, 6;
    %jmp T_6.1;
T_6.0 ;
    %load/vec4 v01f62118_0;
    %parti/s 5, 21, 6;
    %store/vec4 v01f43600_0, 0, 5;
    %load/vec4 v01f62118_0;
    %parti/s 5, 16, 6;
    %store/vec4 v01f8e648_0, 0, 5;
    %load/vec4 v01f62118_0;
    %parti/s 16, 0, 2;
    %store/vec4 v01f61da8_0, 0, 16;
T_6.1 ;
    %jmp T_6;
    .thread T_6, $push;
    .scope S_01ef5180;
T_7 ;
    %wait E_01f676a0;
    %load/vec4 v01fb3c00_0;
    %cmpi/e 0, 0, 6;
    %jmp/0xz  T_7.0, 4;
    %load/vec4 v01fafdb0_0;
    %cmpi/e 32, 0, 6;
    %jmp/0xz  T_7.2, 4;
    %pushi/vec4 0, 0, 1;
    %store/vec4 v01fb3d60_0, 0, 1;
    %load/vec4 v01fb3b50_0;
    %store/vec4 v01fb3c58_0, 0, 32;
    %pushi/vec4 1, 0, 1;
    %store/vec4 v01fb3d60_0, 0, 1;
T_7.2 ;
    %load/vec4 v01fafdb0_0;
    %cmpi/e 34, 0, 6;
    %jmp/0xz  T_7.4, 4;
    %pushi/vec4 0, 0, 1;
    %store/vec4 v01fb3d60_0, 0, 1;
    %load/vec4 v01faf9e8_0;
    %store/vec4 v01fb3c58_0, 0, 32;
    %pushi/vec4 1, 0, 1;
    %store/vec4 v01fb3d60_0, 0, 1;
T_7.4 ;
    %load/vec4 v01fafdb0_0;
    %cmpi/e 36, 0, 6;
    %jmp/0xz  T_7.6, 4;
    %pushi/vec4 0, 0, 1;
    %store/vec4 v01fb3d60_0, 0, 1;
    %load/vec4 v01fb3998_0;
    %store/vec4 v01fb3c58_0, 0, 32;
    %pushi/vec4 1, 0, 1;
    %store/vec4 v01fb3d60_0, 0, 1;
T_7.6 ;
    %load/vec4 v01fafdb0_0;
    %cmpi/e 37, 0, 6;
    %jmp/0xz  T_7.8, 4;
    %pushi/vec4 0, 0, 1;
    %store/vec4 v01fb3d60_0, 0, 1;
    %load/vec4 v01fb38e8_0;
    %store/vec4 v01fb3c58_0, 0, 32;
    %pushi/vec4 1, 0, 1;
    %store/vec4 v01fb3d60_0, 0, 1;
T_7.8 ;
T_7.0 ;
    %load/vec4 v01fb3c00_0;
    %cmpi/e 35, 0, 6;
    %jmp/0xz  T_7.10, 4;
    %pushi/vec4 0, 0, 1;
    %store/vec4 v01fb3d60_0, 0, 1;
    %load/vec4 v01fb3b50_0;
    %store/vec4 v01fb3c58_0, 0, 32;
    %pushi/vec4 1, 0, 1;
    %store/vec4 v01fb3d60_0, 0, 1;
T_7.10 ;
    %load/vec4 v01fb3c00_0;
    %cmpi/e 43, 0, 6;
    %jmp/0xz  T_7.12, 4;
    %pushi/vec4 0, 0, 1;
    %store/vec4 v01fb3d60_0, 0, 1;
    %load/vec4 v01fb3b50_0;
    %store/vec4 v01fb3c58_0, 0, 32;
T_7.12 ;
    %load/vec4 v01fb3c00_0;
    %cmpi/e 4, 0, 6;
    %jmp/0xz  T_7.14, 4;
    %pushi/vec4 0, 0, 1;
    %store/vec4 v01fb3d60_0, 0, 1;
    %load/vec4 v01faf9e8_0;
    %cmpi/e 0, 0, 32;
    %jmp/0xz  T_7.16, 4;
    %load/vec4 v01faf9e8_0;
    %store/vec4 v01fb3c58_0, 0, 32;
T_7.16 ;
T_7.14 ;
    %jmp T_7;
    .thread T_7, $push;
    .scope S_01ec94b0;
T_8 ;
    %pushi/vec4 2, 0, 32;
    %ix/load 4, 0, 0;
    %flag_set/imm 4, 0;
    %store/vec4a v01f61c48, 4, 0;
    %pushi/vec4 1, 0, 32;
    %ix/load 4, 1, 0;
    %flag_set/imm 4, 0;
    %store/vec4a v01f61c48, 4, 0;
    %pushi/vec4 8, 0, 32;
    %ix/load 4, 2, 0;
    %flag_set/imm 4, 0;
    %store/vec4a v01f61c48, 4, 0;
    %pushi/vec4 6, 0, 32;
    %ix/load 4, 3, 0;
    %flag_set/imm 4, 0;
    %store/vec4a v01f61c48, 4, 0;
    %pushi/vec4 64, 0, 32;
    %ix/load 4, 4, 0;
    %flag_set/imm 4, 0;
    %store/vec4a v01f61c48, 4, 0;
    %pushi/vec4 32, 0, 32;
    %ix/load 4, 5, 0;
    %flag_set/imm 4, 0;
    %store/vec4a v01f61c48, 4, 0;
    %pushi/vec4 16, 0, 32;
    %ix/load 4, 6, 0;
    %flag_set/imm 4, 0;
    %store/vec4a v01f61c48, 4, 0;
    %pushi/vec4 7, 0, 32;
    %ix/load 4, 7, 0;
    %flag_set/imm 4, 0;
    %store/vec4a v01f61c48, 4, 0;
    %pushi/vec4 5, 0, 32;
    %ix/load 4, 8, 0;
    %flag_set/imm 4, 0;
    %store/vec4a v01f61c48, 4, 0;
    %pushi/vec4 35, 0, 32;
    %ix/load 4, 9, 0;
    %flag_set/imm 4, 0;
    %store/vec4a v01f61c48, 4, 0;
    %pushi/vec4 9, 0, 32;
    %ix/load 4, 10, 0;
    %flag_set/imm 4, 0;
    %store/vec4a v01f61c48, 4, 0;
    %pushi/vec4 14, 0, 32;
    %ix/load 4, 11, 0;
    %flag_set/imm 4, 0;
    %store/vec4a v01f61c48, 4, 0;
    %pushi/vec4 18, 0, 32;
    %ix/load 4, 12, 0;
    %flag_set/imm 4, 0;
    %store/vec4a v01f61c48, 4, 0;
    %pushi/vec4 28, 0, 32;
    %ix/load 4, 13, 0;
    %flag_set/imm 4, 0;
    %store/vec4a v01f61c48, 4, 0;
    %pushi/vec4 29, 0, 32;
    %ix/load 4, 14, 0;
    %flag_set/imm 4, 0;
    %store/vec4a v01f61c48, 4, 0;
    %pushi/vec4 15, 0, 32;
    %ix/load 4, 15, 0;
    %flag_set/imm 4, 0;
    %store/vec4a v01f61c48, 4, 0;
    %pushi/vec4 11, 0, 32;
    %ix/load 4, 16, 0;
    %flag_set/imm 4, 0;
    %store/vec4a v01f61c48, 4, 0;
    %pushi/vec4 16, 0, 32;
    %ix/load 4, 17, 0;
    %flag_set/imm 4, 0;
    %store/vec4a v01f61c48, 4, 0;
    %pushi/vec4 1, 0, 32;
    %ix/load 4, 18, 0;
    %flag_set/imm 4, 0;
    %store/vec4a v01f61c48, 4, 0;
    %pushi/vec4 2, 0, 32;
    %ix/load 4, 19, 0;
    %flag_set/imm 4, 0;
    %store/vec4a v01f61c48, 4, 0;
    %pushi/vec4 31, 0, 32;
    %ix/load 4, 20, 0;
    %flag_set/imm 4, 0;
    %store/vec4a v01f61c48, 4, 0;
    %pushi/vec4 16, 0, 32;
    %ix/load 4, 21, 0;
    %flag_set/imm 4, 0;
    %store/vec4a v01f61c48, 4, 0;
    %pushi/vec4 17, 0, 32;
    %ix/load 4, 22, 0;
    %flag_set/imm 4, 0;
    %store/vec4a v01f61c48, 4, 0;
    %pushi/vec4 18, 0, 32;
    %ix/load 4, 23, 0;
    %flag_set/imm 4, 0;
    %store/vec4a v01f61c48, 4, 0;
    %pushi/vec4 7, 0, 32;
    %ix/load 4, 24, 0;
    %flag_set/imm 4, 0;
    %store/vec4a v01f61c48, 4, 0;
    %pushi/vec4 63, 0, 32;
    %ix/load 4, 25, 0;
    %flag_set/imm 4, 0;
    %store/vec4a v01f61c48, 4, 0;
    %pushi/vec4 128, 0, 32;
    %ix/load 4, 26, 0;
    %flag_set/imm 4, 0;
    %store/vec4a v01f61c48, 4, 0;
    %pushi/vec4 131, 0, 32;
    %ix/load 4, 27, 0;
    %flag_set/imm 4, 0;
    %store/vec4a v01f61c48, 4, 0;
    %pushi/vec4 9, 0, 32;
    %ix/load 4, 28, 0;
    %flag_set/imm 4, 0;
    %store/vec4a v01f61c48, 4, 0;
    %pushi/vec4 192, 0, 32;
    %ix/load 4, 29, 0;
    %flag_set/imm 4, 0;
    %store/vec4a v01f61c48, 4, 0;
    %pushi/vec4 7, 0, 32;
    %ix/load 4, 30, 0;
    %flag_set/imm 4, 0;
    %store/vec4a v01f61c48, 4, 0;
    %pushi/vec4 4, 0, 32;
    %ix/load 4, 31, 0;
    %flag_set/imm 4, 0;
    %store/vec4a v01f61c48, 4, 0;
    %end;
    .thread T_8;
    .scope S_01ec94b0;
T_9 ;
    %wait E_01f67ad8;
    %load/vec4 v01f61ca0_0;
    %cmpi/e 1, 0, 1;
    %jmp/0xz  T_9.0, 4;
    %load/vec4 v01f61a90_0;
    %load/vec4 v01f619e0_0;
    %pad/u 7;
    %ix/vec4 4;
    %store/vec4a v01f61c48, 4, 0;
T_9.0 ;
    %jmp T_9;
    .thread T_9;
    .scope S_01ef6b48;
T_10 ;
    %pushi/vec4 0, 0, 32;
    %ix/load 4, 0, 0;
    %flag_set/imm 4, 0;
    %store/vec4a v01f61b98, 4, 0;
    %pushi/vec4 0, 0, 32;
    %ix/load 4, 1, 0;
    %flag_set/imm 4, 0;
    %store/vec4a v01f61b98, 4, 0;
    %pushi/vec4 0, 0, 32;
    %ix/load 4, 2, 0;
    %flag_set/imm 4, 0;
    %store/vec4a v01f61b98, 4, 0;
    %pushi/vec4 0, 0, 32;
    %ix/load 4, 3, 0;
    %flag_set/imm 4, 0;
    %store/vec4a v01f61b98, 4, 0;
    %pushi/vec4 0, 0, 32;
    %ix/load 4, 4, 0;
    %flag_set/imm 4, 0;
    %store/vec4a v01f61b98, 4, 0;
    %pushi/vec4 0, 0, 32;
    %ix/load 4, 5, 0;
    %flag_set/imm 4, 0;
    %store/vec4a v01f61b98, 4, 0;
    %pushi/vec4 0, 0, 32;
    %ix/load 4, 6, 0;
    %flag_set/imm 4, 0;
    %store/vec4a v01f61b98, 4, 0;
    %pushi/vec4 0, 0, 32;
    %ix/load 4, 7, 0;
    %flag_set/imm 4, 0;
    %store/vec4a v01f61b98, 4, 0;
    %pushi/vec4 0, 0, 32;
    %ix/load 4, 8, 0;
    %flag_set/imm 4, 0;
    %store/vec4a v01f61b98, 4, 0;
    %pushi/vec4 0, 0, 32;
    %ix/load 4, 9, 0;
    %flag_set/imm 4, 0;
    %store/vec4a v01f61b98, 4, 0;
    %pushi/vec4 0, 0, 32;
    %ix/load 4, 10, 0;
    %flag_set/imm 4, 0;
    %store/vec4a v01f61b98, 4, 0;
    %pushi/vec4 0, 0, 32;
    %ix/load 4, 11, 0;
    %flag_set/imm 4, 0;
    %store/vec4a v01f61b98, 4, 0;
    %pushi/vec4 0, 0, 32;
    %ix/load 4, 12, 0;
    %flag_set/imm 4, 0;
    %store/vec4a v01f61b98, 4, 0;
    %pushi/vec4 0, 0, 32;
    %ix/load 4, 13, 0;
    %flag_set/imm 4, 0;
    %store/vec4a v01f61b98, 4, 0;
    %pushi/vec4 0, 0, 32;
    %ix/load 4, 14, 0;
    %flag_set/imm 4, 0;
    %store/vec4a v01f61b98, 4, 0;
    %pushi/vec4 0, 0, 32;
    %ix/load 4, 15, 0;
    %flag_set/imm 4, 0;
    %store/vec4a v01f61b98, 4, 0;
    %pushi/vec4 0, 0, 32;
    %ix/load 4, 16, 0;
    %flag_set/imm 4, 0;
    %store/vec4a v01f61b98, 4, 0;
    %pushi/vec4 0, 0, 32;
    %ix/load 4, 17, 0;
    %flag_set/imm 4, 0;
    %store/vec4a v01f61b98, 4, 0;
    %pushi/vec4 0, 0, 32;
    %ix/load 4, 18, 0;
    %flag_set/imm 4, 0;
    %store/vec4a v01f61b98, 4, 0;
    %pushi/vec4 0, 0, 32;
    %ix/load 4, 19, 0;
    %flag_set/imm 4, 0;
    %store/vec4a v01f61b98, 4, 0;
    %end;
    .thread T_10;
    .scope S_01ef6b48;
T_11 ;
    %wait E_01f67ad8;
    %load/vec4 v01f61988_0;
    %cmpi/e 43, 0, 6;
    %jmp/0xz  T_11.0, 4;
    %load/vec4 v01f623d8_0;
    %ix/getv 4, v01f624e0_0;
    %store/vec4a v01f61b98, 4, 0;
T_11.0 ;
    %jmp T_11;
    .thread T_11;
    .scope S_01f688a8;
T_12 ;
    %wait E_01f67a88;
    %load/vec4 v01fb0ad8_0;
    %cmpi/e 0, 0, 6;
    %jmp/0xz  T_12.0, 4;
    %load/vec4 v01fb08c8_0;
    %cmpi/e 32, 0, 6;
    %flag_mov 8, 4;
    %load/vec4 v01fb08c8_0;
    %cmpi/e 34, 0, 6;
    %flag_or 4, 8;
    %flag_mov 8, 4;
    %load/vec4 v01fb08c8_0;
    %cmpi/e 36, 0, 6;
    %flag_or 4, 8;
    %flag_mov 8, 4;
    %load/vec4 v01fb08c8_0;
    %cmpi/e 37, 0, 6;
    %flag_or 4, 8;
    %jmp/0xz  T_12.2, 4;
    %load/vec4 v01fb3838_0;
    %store/vec4 v01fb09d0_0, 0, 32;
    %load/vec4 v01fb3ba8_0;
    %store/vec4 v01fb03f8_0, 0, 32;
    %load/vec4 v01fb0a28_0;
    %store/vec4 v01fb3af8_0, 0, 5;
    %load/vec4 v01fb0348_0;
    %store/vec4 v01fb4020_0, 0, 32;
    %pushi/vec4 0, 0, 1;
    %store/vec4 v01fb3f18_0, 0, 1;
    %load/vec4 v01fb0920_0;
    %store/vec4 v01fb01e8_0, 0, 32;
T_12.2 ;
T_12.0 ;
    %load/vec4 v01fb0ad8_0;
    %cmpi/e 35, 0, 6;
    %jmp/0xz  T_12.4, 4;
    %load/vec4 v01fb3838_0;
    %store/vec4 v01fb09d0_0, 0, 32;
    %load/vec4 v01fb0450_0;
    %store/vec4 v01fb03f8_0, 0, 32;
    %load/vec4 v01fb0348_0;
    %store/vec4 v01fb3ec0_0, 0, 32;
    %load/vec4 v01fb0710_0;
    %store/vec4 v01fb3af8_0, 0, 5;
    %load/vec4 v01fb0978_0;
    %store/vec4 v01fb4020_0, 0, 32;
    %pushi/vec4 0, 0, 1;
    %store/vec4 v01fb3f18_0, 0, 1;
    %load/vec4 v01fb0920_0;
    %store/vec4 v01fb01e8_0, 0, 32;
T_12.4 ;
    %load/vec4 v01fb0ad8_0;
    %cmpi/e 43, 0, 6;
    %jmp/0xz  T_12.6, 4;
    %load/vec4 v01fb3838_0;
    %store/vec4 v01fb09d0_0, 0, 32;
    %load/vec4 v01fb0450_0;
    %store/vec4 v01fb03f8_0, 0, 32;
    %load/vec4 v01fb0348_0;
    %store/vec4 v01fb3ec0_0, 0, 32;
    %pushi/vec4 0, 0, 1;
    %store/vec4 v01fb3f18_0, 0, 1;
    %load/vec4 v01fb0920_0;
    %store/vec4 v01fb01e8_0, 0, 32;
T_12.6 ;
    %load/vec4 v01fb0ad8_0;
    %cmpi/e 4, 0, 6;
    %jmp/0xz  T_12.8, 4;
    %load/vec4 v01fb3838_0;
    %store/vec4 v01fb09d0_0, 0, 32;
    %load/vec4 v01fb3ba8_0;
    %store/vec4 v01fb03f8_0, 0, 32;
    %load/vec4 v01fb0348_0;
    %cmpi/e 0, 0, 32;
    %jmp/0xz  T_12.10, 4;
    %pushi/vec4 1, 0, 1;
    %store/vec4 v01fb3f18_0, 0, 1;
    %load/vec4 v01fb0920_0;
    %store/vec4 v01fb01e8_0, 0, 32;
T_12.10 ;
T_12.8 ;
    %jmp T_12;
    .thread T_12, $push;
    .scope S_01f688a8;
T_13 ;
    %vpi_call 2 96 "$dumpfile", "dump.vcd" {0 0 0};
    %vpi_call 2 97 "$dumpvars", 32'sb00000000000000000000000000000000, S_01f688a8 {0 0 0};
    %end;
    .thread T_13;
    .scope S_01f688a8;
T_14 ;
    %vpi_call 2 105 "$monitor", "pc = %5d inst=0x%h in1 = %5d in2 = %5d result = %5d time=%5d clk = %5d", v01fb02f0_0, v01fb0768_0, v01fb09d0_0, v01fb03f8_0, v01fb0348_0, $time, v01fb3fc8_0 {0 0 0};
    %delay 10, 0;
    %vpi_call 2 107 "$finish" {0 0 0};
    %end;
    .thread T_14;
# The file index is used to find the file name in the following table.
:file_names 13;
    "N/A";
    "<interactive>";
    "tb.v";
    "clock.v";
    "dataMem.v";
    "instMem.v";
    "registerfile.v";
    "signextendshift.v";
    "splitter.v";
    "alu.v";
    "adder.v";
    "gates.v";
    "pc.v";
